{"C:\\Users\\james\\Documents\\Apps\\smart_saver\\server\\__tests__\\testHelpers.js": {"path":"C:\\Users\\james\\Documents\\Apps\\smart_saver\\server\\__tests__\\testHelpers.js","statementMap":{"0":{"start":{"line":1,"column":16},"end":{"line":1,"column":36}},"1":{"start":{"line":2,"column":12},"end":{"line":2,"column":33}},"2":{"start":{"line":3,"column":13},"end":{"line":3,"column":47}},"3":{"start":{"line":4,"column":17},"end":{"line":4,"column":55}},"4":{"start":{"line":5,"column":17},"end":{"line":5,"column":55}},"5":{"start":{"line":6,"column":18},"end":{"line":6,"column":51}},"6":{"start":{"line":8,"column":27},"end":{"line":27,"column":1}},"7":{"start":{"line":9,"column":16},"end":{"line":9,"column":34}},"8":{"start":{"line":10,"column":26},"end":{"line":13,"column":3}},"9":{"start":{"line":16,"column":23},"end":{"line":16,"column":77}},"10":{"start":{"line":18,"column":15},"end":{"line":18,"column":94}},"11":{"start":{"line":21,"column":2},"end":{"line":24,"column":45}},"12":{"start":{"line":26,"column":2},"end":{"line":26,"column":25}},"13":{"start":{"line":29,"column":19},"end":{"line":33,"column":1}},"14":{"start":{"line":30,"column":2},"end":{"line":32,"column":5}},"15":{"start":{"line":35,"column":27},"end":{"line":37,"column":1}},"16":{"start":{"line":36,"column":2},"end":{"line":36,"column":83}},"17":{"start":{"line":39,"column":23},"end":{"line":41,"column":1}},"18":{"start":{"line":40,"column":2},"end":{"line":40,"column":87}},"19":{"start":{"line":43,"column":0},"end":{"line":48,"column":2}}},"fnMap":{"0":{"name":"(anonymous_0)","decl":{"start":{"line":8,"column":27},"end":{"line":8,"column":28}},"loc":{"start":{"line":8,"column":39},"end":{"line":27,"column":1}},"line":8},"1":{"name":"(anonymous_1)","decl":{"start":{"line":29,"column":19},"end":{"line":29,"column":20}},"loc":{"start":{"line":29,"column":37},"end":{"line":33,"column":1}},"line":29},"2":{"name":"(anonymous_2)","decl":{"start":{"line":35,"column":27},"end":{"line":35,"column":28}},"loc":{"start":{"line":35,"column":45},"end":{"line":37,"column":1}},"line":35},"3":{"name":"(anonymous_3)","decl":{"start":{"line":39,"column":23},"end":{"line":39,"column":24}},"loc":{"start":{"line":39,"column":41},"end":{"line":41,"column":1}},"line":39}},"branchMap":{},"s":{"0":11,"1":11,"2":11,"3":11,"4":11,"5":11,"6":11,"7":14,"8":14,"9":14,"10":14,"11":14,"12":14,"13":11,"14":11,"15":11,"16":2,"17":11,"18":2,"19":11},"f":{"0":14,"1":11,"2":2,"3":2},"b":{},"_coverageSchema":"1a1c01bbd47fc00a2c39e90264f33305004495a9","hash":"764af753a4bb8a373af806da6e4bf3b060be9c1b"}
,"C:\\Users\\james\\Documents\\Apps\\smart_saver\\server\\src\\app.js": {"path":"C:\\Users\\james\\Documents\\Apps\\smart_saver\\server\\src\\app.js","statementMap":{"0":{"start":{"line":1,"column":16},"end":{"line":1,"column":34}},"1":{"start":{"line":2,"column":19},"end":{"line":2,"column":59}},"2":{"start":{"line":3,"column":29},"end":{"line":3,"column":70}},"3":{"start":{"line":4,"column":22},"end":{"line":4,"column":58}},"4":{"start":{"line":5,"column":19},"end":{"line":5,"column":52}},"5":{"start":{"line":6,"column":26},"end":{"line":6,"column":66}},"6":{"start":{"line":7,"column":23},"end":{"line":7,"column":60}},"7":{"start":{"line":8,"column":35},"end":{"line":8,"column":84}},"8":{"start":{"line":9,"column":23},"end":{"line":9,"column":60}},"9":{"start":{"line":11,"column":12},"end":{"line":11,"column":21}},"10":{"start":{"line":14,"column":0},"end":{"line":14,"column":24}},"11":{"start":{"line":17,"column":0},"end":{"line":17,"column":35}},"12":{"start":{"line":18,"column":0},"end":{"line":18,"column":28}},"13":{"start":{"line":19,"column":0},"end":{"line":19,"column":30}},"14":{"start":{"line":20,"column":0},"end":{"line":20,"column":32}},"15":{"start":{"line":21,"column":0},"end":{"line":21,"column":37}},"16":{"start":{"line":24,"column":0},"end":{"line":24,"column":47}},"17":{"start":{"line":25,"column":0},"end":{"line":25,"column":74}},"18":{"start":{"line":26,"column":0},"end":{"line":26,"column":41}},"19":{"start":{"line":27,"column":0},"end":{"line":27,"column":68}},"20":{"start":{"line":28,"column":0},"end":{"line":28,"column":66}},"21":{"start":{"line":29,"column":0},"end":{"line":29,"column":61}},"22":{"start":{"line":30,"column":0},"end":{"line":30,"column":85}},"23":{"start":{"line":31,"column":0},"end":{"line":31,"column":61}},"24":{"start":{"line":34,"column":0},"end":{"line":34,"column":79}},"25":{"start":{"line":34,"column":27},"end":{"line":34,"column":77}},"26":{"start":{"line":37,"column":0},"end":{"line":37,"column":33}},"27":{"start":{"line":39,"column":0},"end":{"line":39,"column":21}}},"fnMap":{"0":{"name":"(anonymous_0)","decl":{"start":{"line":34,"column":13},"end":{"line":34,"column":14}},"loc":{"start":{"line":34,"column":27},"end":{"line":34,"column":77}},"line":34}},"branchMap":{},"s":{"0":12,"1":12,"2":12,"3":12,"4":12,"5":12,"6":12,"7":12,"8":12,"9":12,"10":12,"11":12,"12":12,"13":12,"14":12,"15":12,"16":12,"17":12,"18":12,"19":12,"20":12,"21":12,"22":12,"23":12,"24":12,"25":0,"26":12,"27":12},"f":{"0":0},"b":{},"_coverageSchema":"1a1c01bbd47fc00a2c39e90264f33305004495a9","hash":"2cda486d1231a613c2075ae76a099f1dd360ab9f"}
,"C:\\Users\\james\\Documents\\Apps\\smart_saver\\server\\src\\api-schemas\\categoryApiSchema.js": {"path":"C:\\Users\\james\\Documents\\Apps\\smart_saver\\server\\src\\api-schemas\\categoryApiSchema.js","statementMap":{"0":{"start":{"line":1,"column":19},"end":{"line":10,"column":1}},"1":{"start":{"line":12,"column":20},"end":{"line":18,"column":1}},"2":{"start":{"line":20,"column":0},"end":{"line":20,"column":45}}},"fnMap":{},"branchMap":{},"s":{"0":12,"1":12,"2":12},"f":{},"b":{},"_coverageSchema":"1a1c01bbd47fc00a2c39e90264f33305004495a9","hash":"1cc57bcafcc1bd59226505ca943d6068853dd210"}
,"C:\\Users\\james\\Documents\\Apps\\smart_saver\\server\\src\\api-schemas\\moneyPotApiSchema.js": {"path":"C:\\Users\\james\\Documents\\Apps\\smart_saver\\server\\src\\api-schemas\\moneyPotApiSchema.js","statementMap":{"0":{"start":{"line":1,"column":19},"end":{"line":22,"column":1}},"1":{"start":{"line":24,"column":0},"end":{"line":24,"column":32}}},"fnMap":{},"branchMap":{},"s":{"0":12,"1":12},"f":{},"b":{},"_coverageSchema":"1a1c01bbd47fc00a2c39e90264f33305004495a9","hash":"12780caacef0dbda66aabc18474aceca30326ea9"}
,"C:\\Users\\james\\Documents\\Apps\\smart_saver\\server\\src\\api-schemas\\scheduledTransactionApiSchema.js": {"path":"C:\\Users\\james\\Documents\\Apps\\smart_saver\\server\\src\\api-schemas\\scheduledTransactionApiSchema.js","statementMap":{"0":{"start":{"line":1,"column":19},"end":{"line":34,"column":1}},"1":{"start":{"line":36,"column":20},"end":{"line":47,"column":1}},"2":{"start":{"line":49,"column":0},"end":{"line":49,"column":45}}},"fnMap":{},"branchMap":{},"s":{"0":12,"1":12,"2":12},"f":{},"b":{},"_coverageSchema":"1a1c01bbd47fc00a2c39e90264f33305004495a9","hash":"cc7fdce1c481c47860ffd4d5eb4b958dc5b96bd5"}
,"C:\\Users\\james\\Documents\\Apps\\smart_saver\\server\\src\\api-schemas\\sessionApiSchema.js": {"path":"C:\\Users\\james\\Documents\\Apps\\smart_saver\\server\\src\\api-schemas\\sessionApiSchema.js","statementMap":{"0":{"start":{"line":1,"column":19},"end":{"line":15,"column":1}},"1":{"start":{"line":17,"column":0},"end":{"line":17,"column":32}}},"fnMap":{},"branchMap":{},"s":{"0":12,"1":12},"f":{},"b":{},"_coverageSchema":"1a1c01bbd47fc00a2c39e90264f33305004495a9","hash":"e0ceb54feff7d333564212a0215776137e852506"}
,"C:\\Users\\james\\Documents\\Apps\\smart_saver\\server\\src\\api-schemas\\transactionApiSchema.js": {"path":"C:\\Users\\james\\Documents\\Apps\\smart_saver\\server\\src\\api-schemas\\transactionApiSchema.js","statementMap":{"0":{"start":{"line":1,"column":19},"end":{"line":14,"column":1}},"1":{"start":{"line":16,"column":20},"end":{"line":39,"column":1}},"2":{"start":{"line":41,"column":0},"end":{"line":41,"column":45}}},"fnMap":{},"branchMap":{},"s":{"0":12,"1":12,"2":12},"f":{},"b":{},"_coverageSchema":"1a1c01bbd47fc00a2c39e90264f33305004495a9","hash":"d68344c03a9fea3c28c2014e8c15427e6151b799"}
,"C:\\Users\\james\\Documents\\Apps\\smart_saver\\server\\src\\api-schemas\\userApiSchema.js": {"path":"C:\\Users\\james\\Documents\\Apps\\smart_saver\\server\\src\\api-schemas\\userApiSchema.js","statementMap":{"0":{"start":{"line":1,"column":19},"end":{"line":15,"column":1}},"1":{"start":{"line":17,"column":0},"end":{"line":17,"column":32}}},"fnMap":{},"branchMap":{},"s":{"0":12,"1":12},"f":{},"b":{},"_coverageSchema":"1a1c01bbd47fc00a2c39e90264f33305004495a9","hash":"2d72d6722ccfcd3d67f9c7eda57b4e4e9afa65d1"}
,"C:\\Users\\james\\Documents\\Apps\\smart_saver\\server\\src\\config\\dbConfig.js": {"path":"C:\\Users\\james\\Documents\\Apps\\smart_saver\\server\\src\\config\\dbConfig.js","statementMap":{"0":{"start":{"line":1,"column":22},"end":{"line":1,"column":42}},"1":{"start":{"line":2,"column":0},"end":{"line":2,"column":27}},"2":{"start":{"line":4,"column":18},"end":{"line":15,"column":2}},"3":{"start":{"line":17,"column":0},"end":{"line":17,"column":27}}},"fnMap":{},"branchMap":{},"s":{"0":12,"1":12,"2":12,"3":12},"f":{},"b":{},"_coverageSchema":"1a1c01bbd47fc00a2c39e90264f33305004495a9","hash":"82a83b8971eb7264aa98af55acee28082fe50739"}
,"C:\\Users\\james\\Documents\\Apps\\smart_saver\\server\\src\\controllers\\categoryController.js": {"path":"C:\\Users\\james\\Documents\\Apps\\smart_saver\\server\\src\\controllers\\categoryController.js","statementMap":{"0":{"start":{"line":1,"column":24},"end":{"line":1,"column":62}},"1":{"start":{"line":3,"column":22},"end":{"line":14,"column":1}},"2":{"start":{"line":4,"column":2},"end":{"line":13,"column":3}},"3":{"start":{"line":5,"column":19},"end":{"line":5,"column":30}},"4":{"start":{"line":6,"column":21},"end":{"line":6,"column":30}},"5":{"start":{"line":8,"column":23},"end":{"line":8,"column":67}},"6":{"start":{"line":10,"column":4},"end":{"line":10,"column":37}},"7":{"start":{"line":12,"column":4},"end":{"line":12,"column":16}},"8":{"start":{"line":17,"column":24},"end":{"line":28,"column":1}},"9":{"start":{"line":18,"column":2},"end":{"line":27,"column":3}},"10":{"start":{"line":19,"column":19},"end":{"line":19,"column":30}},"11":{"start":{"line":20,"column":19},"end":{"line":20,"column":29}},"12":{"start":{"line":22,"column":21},"end":{"line":22,"column":67}},"13":{"start":{"line":24,"column":4},"end":{"line":24,"column":35}},"14":{"start":{"line":26,"column":4},"end":{"line":26,"column":16}},"15":{"start":{"line":30,"column":23},"end":{"line":41,"column":1}},"16":{"start":{"line":31,"column":2},"end":{"line":40,"column":3}},"17":{"start":{"line":32,"column":19},"end":{"line":32,"column":30}},"18":{"start":{"line":33,"column":25},"end":{"line":33,"column":33}},"19":{"start":{"line":35,"column":21},"end":{"line":35,"column":71}},"20":{"start":{"line":37,"column":4},"end":{"line":37,"column":35}},"21":{"start":{"line":39,"column":4},"end":{"line":39,"column":16}},"22":{"start":{"line":44,"column":27},"end":{"line":56,"column":1}},"23":{"start":{"line":45,"column":2},"end":{"line":55,"column":3}},"24":{"start":{"line":46,"column":19},"end":{"line":46,"column":30}},"25":{"start":{"line":47,"column":19},"end":{"line":47,"column":29}},"26":{"start":{"line":48,"column":25},"end":{"line":48,"column":33}},"27":{"start":{"line":50,"column":4},"end":{"line":50,"column":63}},"28":{"start":{"line":52,"column":4},"end":{"line":52,"column":44}},"29":{"start":{"line":54,"column":4},"end":{"line":54,"column":16}},"30":{"start":{"line":59,"column":27},"end":{"line":70,"column":1}},"31":{"start":{"line":60,"column":2},"end":{"line":69,"column":3}},"32":{"start":{"line":61,"column":19},"end":{"line":61,"column":30}},"33":{"start":{"line":62,"column":19},"end":{"line":62,"column":29}},"34":{"start":{"line":64,"column":4},"end":{"line":64,"column":49}},"35":{"start":{"line":66,"column":4},"end":{"line":66,"column":44}},"36":{"start":{"line":68,"column":4},"end":{"line":68,"column":16}},"37":{"start":{"line":72,"column":0},"end":{"line":78,"column":2}}},"fnMap":{"0":{"name":"(anonymous_0)","decl":{"start":{"line":3,"column":22},"end":{"line":3,"column":23}},"loc":{"start":{"line":3,"column":48},"end":{"line":14,"column":1}},"line":3},"1":{"name":"(anonymous_1)","decl":{"start":{"line":17,"column":24},"end":{"line":17,"column":25}},"loc":{"start":{"line":17,"column":50},"end":{"line":28,"column":1}},"line":17},"2":{"name":"(anonymous_2)","decl":{"start":{"line":30,"column":23},"end":{"line":30,"column":24}},"loc":{"start":{"line":30,"column":49},"end":{"line":41,"column":1}},"line":30},"3":{"name":"(anonymous_3)","decl":{"start":{"line":44,"column":27},"end":{"line":44,"column":28}},"loc":{"start":{"line":44,"column":53},"end":{"line":56,"column":1}},"line":44},"4":{"name":"(anonymous_4)","decl":{"start":{"line":59,"column":27},"end":{"line":59,"column":28}},"loc":{"start":{"line":59,"column":53},"end":{"line":70,"column":1}},"line":59}},"branchMap":{},"s":{"0":12,"1":12,"2":2,"3":2,"4":2,"5":2,"6":2,"7":0,"8":12,"9":1,"10":1,"11":1,"12":1,"13":1,"14":0,"15":12,"16":1,"17":1,"18":1,"19":1,"20":1,"21":0,"22":12,"23":1,"24":1,"25":1,"26":1,"27":1,"28":1,"29":0,"30":12,"31":1,"32":1,"33":1,"34":1,"35":1,"36":0,"37":12},"f":{"0":2,"1":1,"2":1,"3":1,"4":1},"b":{},"_coverageSchema":"1a1c01bbd47fc00a2c39e90264f33305004495a9","hash":"a44076c8e5ddc6afca53c34a681225fa44c7b67b"}
,"C:\\Users\\james\\Documents\\Apps\\smart_saver\\server\\src\\controllers\\moneyPotController.js": {"path":"C:\\Users\\james\\Documents\\Apps\\smart_saver\\server\\src\\controllers\\moneyPotController.js","statementMap":{"0":{"start":{"line":1,"column":24},"end":{"line":1,"column":62}},"1":{"start":{"line":3,"column":21},"end":{"line":13,"column":1}},"2":{"start":{"line":4,"column":2},"end":{"line":12,"column":3}},"3":{"start":{"line":5,"column":19},"end":{"line":5,"column":30}},"4":{"start":{"line":7,"column":22},"end":{"line":7,"column":60}},"5":{"start":{"line":9,"column":4},"end":{"line":9,"column":36}},"6":{"start":{"line":11,"column":4},"end":{"line":11,"column":16}},"7":{"start":{"line":16,"column":24},"end":{"line":27,"column":1}},"8":{"start":{"line":17,"column":2},"end":{"line":26,"column":3}},"9":{"start":{"line":18,"column":19},"end":{"line":18,"column":30}},"10":{"start":{"line":19,"column":19},"end":{"line":19,"column":29}},"11":{"start":{"line":21,"column":21},"end":{"line":21,"column":67}},"12":{"start":{"line":23,"column":4},"end":{"line":23,"column":35}},"13":{"start":{"line":25,"column":4},"end":{"line":25,"column":16}},"14":{"start":{"line":29,"column":23},"end":{"line":40,"column":1}},"15":{"start":{"line":30,"column":2},"end":{"line":39,"column":3}},"16":{"start":{"line":31,"column":19},"end":{"line":31,"column":30}},"17":{"start":{"line":32,"column":25},"end":{"line":32,"column":33}},"18":{"start":{"line":34,"column":21},"end":{"line":34,"column":71}},"19":{"start":{"line":36,"column":4},"end":{"line":36,"column":35}},"20":{"start":{"line":38,"column":4},"end":{"line":38,"column":16}},"21":{"start":{"line":43,"column":27},"end":{"line":55,"column":1}},"22":{"start":{"line":44,"column":2},"end":{"line":54,"column":3}},"23":{"start":{"line":45,"column":19},"end":{"line":45,"column":30}},"24":{"start":{"line":46,"column":19},"end":{"line":46,"column":29}},"25":{"start":{"line":47,"column":25},"end":{"line":47,"column":33}},"26":{"start":{"line":49,"column":4},"end":{"line":49,"column":63}},"27":{"start":{"line":51,"column":4},"end":{"line":51,"column":44}},"28":{"start":{"line":53,"column":4},"end":{"line":53,"column":16}},"29":{"start":{"line":58,"column":27},"end":{"line":69,"column":1}},"30":{"start":{"line":59,"column":2},"end":{"line":68,"column":3}},"31":{"start":{"line":60,"column":19},"end":{"line":60,"column":30}},"32":{"start":{"line":61,"column":19},"end":{"line":61,"column":29}},"33":{"start":{"line":63,"column":4},"end":{"line":63,"column":49}},"34":{"start":{"line":65,"column":4},"end":{"line":65,"column":44}},"35":{"start":{"line":67,"column":4},"end":{"line":67,"column":16}},"36":{"start":{"line":71,"column":26},"end":{"line":82,"column":1}},"37":{"start":{"line":72,"column":2},"end":{"line":81,"column":3}},"38":{"start":{"line":73,"column":19},"end":{"line":73,"column":30}},"39":{"start":{"line":74,"column":25},"end":{"line":74,"column":33}},"40":{"start":{"line":76,"column":21},"end":{"line":76,"column":73}},"41":{"start":{"line":78,"column":4},"end":{"line":78,"column":35}},"42":{"start":{"line":80,"column":4},"end":{"line":80,"column":16}},"43":{"start":{"line":84,"column":0},"end":{"line":91,"column":2}}},"fnMap":{"0":{"name":"(anonymous_0)","decl":{"start":{"line":3,"column":21},"end":{"line":3,"column":22}},"loc":{"start":{"line":3,"column":47},"end":{"line":13,"column":1}},"line":3},"1":{"name":"(anonymous_1)","decl":{"start":{"line":16,"column":24},"end":{"line":16,"column":25}},"loc":{"start":{"line":16,"column":50},"end":{"line":27,"column":1}},"line":16},"2":{"name":"(anonymous_2)","decl":{"start":{"line":29,"column":23},"end":{"line":29,"column":24}},"loc":{"start":{"line":29,"column":49},"end":{"line":40,"column":1}},"line":29},"3":{"name":"(anonymous_3)","decl":{"start":{"line":43,"column":27},"end":{"line":43,"column":28}},"loc":{"start":{"line":43,"column":53},"end":{"line":55,"column":1}},"line":43},"4":{"name":"(anonymous_4)","decl":{"start":{"line":58,"column":27},"end":{"line":58,"column":28}},"loc":{"start":{"line":58,"column":53},"end":{"line":69,"column":1}},"line":58},"5":{"name":"(anonymous_5)","decl":{"start":{"line":71,"column":26},"end":{"line":71,"column":27}},"loc":{"start":{"line":71,"column":52},"end":{"line":82,"column":1}},"line":71}},"branchMap":{},"s":{"0":12,"1":12,"2":1,"3":1,"4":1,"5":1,"6":0,"7":12,"8":1,"9":1,"10":1,"11":1,"12":1,"13":0,"14":12,"15":1,"16":1,"17":1,"18":1,"19":1,"20":0,"21":12,"22":1,"23":1,"24":1,"25":1,"26":1,"27":1,"28":0,"29":12,"30":1,"31":1,"32":1,"33":1,"34":1,"35":0,"36":12,"37":1,"38":1,"39":1,"40":1,"41":1,"42":0,"43":12},"f":{"0":1,"1":1,"2":1,"3":1,"4":1,"5":1},"b":{},"_coverageSchema":"1a1c01bbd47fc00a2c39e90264f33305004495a9","hash":"58b93dababa12c94bbf6b5a49e9ee81dcca21b66"}
,"C:\\Users\\james\\Documents\\Apps\\smart_saver\\server\\src\\controllers\\scheduledTransactionController.js": {"path":"C:\\Users\\james\\Documents\\Apps\\smart_saver\\server\\src\\controllers\\scheduledTransactionController.js","statementMap":{"0":{"start":{"line":1,"column":36},"end":{"line":1,"column":107}},"1":{"start":{"line":3,"column":33},"end":{"line":14,"column":1}},"2":{"start":{"line":4,"column":2},"end":{"line":13,"column":3}},"3":{"start":{"line":5,"column":19},"end":{"line":5,"column":30}},"4":{"start":{"line":6,"column":18},"end":{"line":6,"column":27}},"5":{"start":{"line":8,"column":34},"end":{"line":8,"column":91}},"6":{"start":{"line":10,"column":4},"end":{"line":10,"column":48}},"7":{"start":{"line":12,"column":4},"end":{"line":12,"column":16}},"8":{"start":{"line":17,"column":36},"end":{"line":28,"column":1}},"9":{"start":{"line":18,"column":2},"end":{"line":27,"column":3}},"10":{"start":{"line":19,"column":19},"end":{"line":19,"column":30}},"11":{"start":{"line":20,"column":19},"end":{"line":20,"column":29}},"12":{"start":{"line":22,"column":33},"end":{"line":22,"column":91}},"13":{"start":{"line":24,"column":4},"end":{"line":24,"column":47}},"14":{"start":{"line":26,"column":4},"end":{"line":26,"column":16}},"15":{"start":{"line":30,"column":35},"end":{"line":41,"column":1}},"16":{"start":{"line":31,"column":2},"end":{"line":40,"column":3}},"17":{"start":{"line":32,"column":19},"end":{"line":32,"column":30}},"18":{"start":{"line":33,"column":37},"end":{"line":33,"column":45}},"19":{"start":{"line":35,"column":33},"end":{"line":35,"column":107}},"20":{"start":{"line":37,"column":4},"end":{"line":37,"column":47}},"21":{"start":{"line":39,"column":4},"end":{"line":39,"column":16}},"22":{"start":{"line":44,"column":39},"end":{"line":56,"column":1}},"23":{"start":{"line":45,"column":2},"end":{"line":55,"column":3}},"24":{"start":{"line":46,"column":19},"end":{"line":46,"column":30}},"25":{"start":{"line":47,"column":19},"end":{"line":47,"column":29}},"26":{"start":{"line":48,"column":32},"end":{"line":48,"column":40}},"27":{"start":{"line":50,"column":4},"end":{"line":50,"column":82}},"28":{"start":{"line":52,"column":4},"end":{"line":52,"column":44}},"29":{"start":{"line":54,"column":4},"end":{"line":54,"column":16}},"30":{"start":{"line":59,"column":39},"end":{"line":70,"column":1}},"31":{"start":{"line":60,"column":2},"end":{"line":69,"column":3}},"32":{"start":{"line":61,"column":19},"end":{"line":61,"column":30}},"33":{"start":{"line":62,"column":19},"end":{"line":62,"column":29}},"34":{"start":{"line":64,"column":4},"end":{"line":64,"column":61}},"35":{"start":{"line":66,"column":4},"end":{"line":66,"column":44}},"36":{"start":{"line":68,"column":4},"end":{"line":68,"column":16}},"37":{"start":{"line":72,"column":0},"end":{"line":78,"column":2}}},"fnMap":{"0":{"name":"(anonymous_0)","decl":{"start":{"line":3,"column":33},"end":{"line":3,"column":34}},"loc":{"start":{"line":3,"column":59},"end":{"line":14,"column":1}},"line":3},"1":{"name":"(anonymous_1)","decl":{"start":{"line":17,"column":36},"end":{"line":17,"column":37}},"loc":{"start":{"line":17,"column":62},"end":{"line":28,"column":1}},"line":17},"2":{"name":"(anonymous_2)","decl":{"start":{"line":30,"column":35},"end":{"line":30,"column":36}},"loc":{"start":{"line":30,"column":61},"end":{"line":41,"column":1}},"line":30},"3":{"name":"(anonymous_3)","decl":{"start":{"line":44,"column":39},"end":{"line":44,"column":40}},"loc":{"start":{"line":44,"column":65},"end":{"line":56,"column":1}},"line":44},"4":{"name":"(anonymous_4)","decl":{"start":{"line":59,"column":39},"end":{"line":59,"column":40}},"loc":{"start":{"line":59,"column":65},"end":{"line":70,"column":1}},"line":59}},"branchMap":{},"s":{"0":12,"1":12,"2":6,"3":6,"4":6,"5":6,"6":6,"7":0,"8":12,"9":1,"10":1,"11":1,"12":1,"13":1,"14":0,"15":12,"16":2,"17":2,"18":2,"19":2,"20":2,"21":0,"22":12,"23":1,"24":1,"25":1,"26":1,"27":1,"28":1,"29":0,"30":12,"31":1,"32":1,"33":1,"34":1,"35":1,"36":0,"37":12},"f":{"0":6,"1":1,"2":2,"3":1,"4":1},"b":{},"_coverageSchema":"1a1c01bbd47fc00a2c39e90264f33305004495a9","hash":"3e2dad8967e6fb362b5e4e4edea71a13d2e63624"}
,"C:\\Users\\james\\Documents\\Apps\\smart_saver\\server\\src\\controllers\\sessionController.js": {"path":"C:\\Users\\james\\Documents\\Apps\\smart_saver\\server\\src\\controllers\\sessionController.js","statementMap":{"0":{"start":{"line":1,"column":23},"end":{"line":1,"column":60}},"1":{"start":{"line":2,"column":30},"end":{"line":2,"column":59}},"2":{"start":{"line":4,"column":19},"end":{"line":6,"column":1}},"3":{"start":{"line":5,"column":2},"end":{"line":5,"column":38}},"4":{"start":{"line":8,"column":22},"end":{"line":21,"column":1}},"5":{"start":{"line":9,"column":2},"end":{"line":20,"column":3}},"6":{"start":{"line":10,"column":24},"end":{"line":10,"column":32}},"7":{"start":{"line":12,"column":22},"end":{"line":12,"column":71}},"8":{"start":{"line":15,"column":4},"end":{"line":15,"column":58}},"9":{"start":{"line":17,"column":4},"end":{"line":17,"column":58}},"10":{"start":{"line":19,"column":4},"end":{"line":19,"column":16}},"11":{"start":{"line":23,"column":22},"end":{"line":26,"column":1}},"12":{"start":{"line":24,"column":2},"end":{"line":24,"column":74}},"13":{"start":{"line":25,"column":2},"end":{"line":25,"column":57}},"14":{"start":{"line":28,"column":0},"end":{"line":32,"column":2}}},"fnMap":{"0":{"name":"(anonymous_0)","decl":{"start":{"line":4,"column":19},"end":{"line":4,"column":20}},"loc":{"start":{"line":4,"column":33},"end":{"line":6,"column":1}},"line":4},"1":{"name":"(anonymous_1)","decl":{"start":{"line":8,"column":22},"end":{"line":8,"column":23}},"loc":{"start":{"line":8,"column":42},"end":{"line":21,"column":1}},"line":8},"2":{"name":"(anonymous_2)","decl":{"start":{"line":23,"column":22},"end":{"line":23,"column":23}},"loc":{"start":{"line":23,"column":36},"end":{"line":26,"column":1}},"line":23}},"branchMap":{},"s":{"0":12,"1":12,"2":12,"3":0,"4":12,"5":15,"6":15,"7":15,"8":15,"9":15,"10":0,"11":12,"12":0,"13":0,"14":12},"f":{"0":0,"1":15,"2":0},"b":{},"_coverageSchema":"1a1c01bbd47fc00a2c39e90264f33305004495a9","hash":"f9253d9ad1a40429e82881bc3e7045aee1e0af00"}
,"C:\\Users\\james\\Documents\\Apps\\smart_saver\\server\\src\\controllers\\transactionController.js": {"path":"C:\\Users\\james\\Documents\\Apps\\smart_saver\\server\\src\\controllers\\transactionController.js","statementMap":{"0":{"start":{"line":1,"column":27},"end":{"line":1,"column":68}},"1":{"start":{"line":3,"column":24},"end":{"line":14,"column":1}},"2":{"start":{"line":4,"column":2},"end":{"line":13,"column":3}},"3":{"start":{"line":5,"column":19},"end":{"line":5,"column":30}},"4":{"start":{"line":6,"column":18},"end":{"line":6,"column":27}},"5":{"start":{"line":8,"column":25},"end":{"line":8,"column":73}},"6":{"start":{"line":10,"column":4},"end":{"line":10,"column":39}},"7":{"start":{"line":12,"column":4},"end":{"line":12,"column":16}},"8":{"start":{"line":17,"column":27},"end":{"line":28,"column":1}},"9":{"start":{"line":18,"column":2},"end":{"line":27,"column":3}},"10":{"start":{"line":19,"column":19},"end":{"line":19,"column":30}},"11":{"start":{"line":20,"column":19},"end":{"line":20,"column":29}},"12":{"start":{"line":22,"column":24},"end":{"line":22,"column":73}},"13":{"start":{"line":24,"column":4},"end":{"line":24,"column":38}},"14":{"start":{"line":26,"column":4},"end":{"line":26,"column":16}},"15":{"start":{"line":30,"column":26},"end":{"line":41,"column":1}},"16":{"start":{"line":31,"column":2},"end":{"line":40,"column":3}},"17":{"start":{"line":32,"column":19},"end":{"line":32,"column":30}},"18":{"start":{"line":33,"column":28},"end":{"line":33,"column":36}},"19":{"start":{"line":35,"column":24},"end":{"line":35,"column":80}},"20":{"start":{"line":37,"column":4},"end":{"line":37,"column":38}},"21":{"start":{"line":39,"column":4},"end":{"line":39,"column":16}},"22":{"start":{"line":44,"column":30},"end":{"line":56,"column":1}},"23":{"start":{"line":45,"column":2},"end":{"line":55,"column":3}},"24":{"start":{"line":46,"column":19},"end":{"line":46,"column":30}},"25":{"start":{"line":47,"column":19},"end":{"line":47,"column":29}},"26":{"start":{"line":48,"column":28},"end":{"line":48,"column":36}},"27":{"start":{"line":50,"column":4},"end":{"line":50,"column":69}},"28":{"start":{"line":52,"column":4},"end":{"line":52,"column":44}},"29":{"start":{"line":54,"column":4},"end":{"line":54,"column":16}},"30":{"start":{"line":59,"column":30},"end":{"line":70,"column":1}},"31":{"start":{"line":60,"column":2},"end":{"line":69,"column":3}},"32":{"start":{"line":61,"column":19},"end":{"line":61,"column":30}},"33":{"start":{"line":62,"column":19},"end":{"line":62,"column":29}},"34":{"start":{"line":64,"column":4},"end":{"line":64,"column":52}},"35":{"start":{"line":66,"column":4},"end":{"line":66,"column":44}},"36":{"start":{"line":68,"column":4},"end":{"line":68,"column":16}},"37":{"start":{"line":72,"column":0},"end":{"line":78,"column":2}}},"fnMap":{"0":{"name":"(anonymous_0)","decl":{"start":{"line":3,"column":24},"end":{"line":3,"column":25}},"loc":{"start":{"line":3,"column":50},"end":{"line":14,"column":1}},"line":3},"1":{"name":"(anonymous_1)","decl":{"start":{"line":17,"column":27},"end":{"line":17,"column":28}},"loc":{"start":{"line":17,"column":53},"end":{"line":28,"column":1}},"line":17},"2":{"name":"(anonymous_2)","decl":{"start":{"line":30,"column":26},"end":{"line":30,"column":27}},"loc":{"start":{"line":30,"column":52},"end":{"line":41,"column":1}},"line":30},"3":{"name":"(anonymous_3)","decl":{"start":{"line":44,"column":30},"end":{"line":44,"column":31}},"loc":{"start":{"line":44,"column":56},"end":{"line":56,"column":1}},"line":44},"4":{"name":"(anonymous_4)","decl":{"start":{"line":59,"column":30},"end":{"line":59,"column":31}},"loc":{"start":{"line":59,"column":56},"end":{"line":70,"column":1}},"line":59}},"branchMap":{},"s":{"0":12,"1":12,"2":13,"3":13,"4":13,"5":13,"6":13,"7":0,"8":12,"9":1,"10":1,"11":1,"12":1,"13":1,"14":0,"15":12,"16":7,"17":7,"18":7,"19":7,"20":7,"21":0,"22":12,"23":3,"24":3,"25":3,"26":3,"27":3,"28":3,"29":0,"30":12,"31":2,"32":2,"33":2,"34":2,"35":2,"36":0,"37":12},"f":{"0":13,"1":1,"2":7,"3":3,"4":2},"b":{},"_coverageSchema":"1a1c01bbd47fc00a2c39e90264f33305004495a9","hash":"bd175a1539249017227f8639843f650b21e4af22"}
,"C:\\Users\\james\\Documents\\Apps\\smart_saver\\server\\src\\controllers\\userController.js": {"path":"C:\\Users\\james\\Documents\\Apps\\smart_saver\\server\\src\\controllers\\userController.js","statementMap":{"0":{"start":{"line":1,"column":30},"end":{"line":1,"column":59}},"1":{"start":{"line":2,"column":23},"end":{"line":2,"column":60}},"2":{"start":{"line":3,"column":20},"end":{"line":3,"column":54}},"3":{"start":{"line":6,"column":2},"end":{"line":19,"column":3}},"4":{"start":{"line":7,"column":32},"end":{"line":7,"column":40}},"5":{"start":{"line":8,"column":17},"end":{"line":8,"column":62}},"6":{"start":{"line":11,"column":22},"end":{"line":11,"column":79}},"7":{"start":{"line":14,"column":4},"end":{"line":14,"column":58}},"8":{"start":{"line":16,"column":4},"end":{"line":16,"column":42}},"9":{"start":{"line":18,"column":4},"end":{"line":18,"column":16}},"10":{"start":{"line":22,"column":20},"end":{"line":31,"column":1}},"11":{"start":{"line":23,"column":2},"end":{"line":30,"column":3}},"12":{"start":{"line":24,"column":19},"end":{"line":24,"column":29}},"13":{"start":{"line":25,"column":17},"end":{"line":25,"column":51}},"14":{"start":{"line":27,"column":4},"end":{"line":27,"column":31}},"15":{"start":{"line":29,"column":4},"end":{"line":29,"column":16}},"16":{"start":{"line":33,"column":23},"end":{"line":44,"column":1}},"17":{"start":{"line":34,"column":2},"end":{"line":43,"column":3}},"18":{"start":{"line":35,"column":19},"end":{"line":35,"column":29}},"19":{"start":{"line":36,"column":21},"end":{"line":36,"column":29}},"20":{"start":{"line":38,"column":4},"end":{"line":38,"column":47}},"21":{"start":{"line":40,"column":4},"end":{"line":40,"column":44}},"22":{"start":{"line":42,"column":4},"end":{"line":42,"column":16}},"23":{"start":{"line":46,"column":23},"end":{"line":56,"column":1}},"24":{"start":{"line":47,"column":2},"end":{"line":55,"column":3}},"25":{"start":{"line":48,"column":19},"end":{"line":48,"column":29}},"26":{"start":{"line":50,"column":4},"end":{"line":50,"column":37}},"27":{"start":{"line":52,"column":4},"end":{"line":52,"column":44}},"28":{"start":{"line":54,"column":4},"end":{"line":54,"column":16}},"29":{"start":{"line":58,"column":0},"end":{"line":63,"column":2}}},"fnMap":{"0":{"name":"createUser","decl":{"start":{"line":5,"column":15},"end":{"line":5,"column":25}},"loc":{"start":{"line":5,"column":42},"end":{"line":20,"column":1}},"line":5},"1":{"name":"(anonymous_1)","decl":{"start":{"line":22,"column":20},"end":{"line":22,"column":21}},"loc":{"start":{"line":22,"column":40},"end":{"line":31,"column":1}},"line":22},"2":{"name":"(anonymous_2)","decl":{"start":{"line":33,"column":23},"end":{"line":33,"column":24}},"loc":{"start":{"line":33,"column":43},"end":{"line":44,"column":1}},"line":33},"3":{"name":"(anonymous_3)","decl":{"start":{"line":46,"column":23},"end":{"line":46,"column":24}},"loc":{"start":{"line":46,"column":43},"end":{"line":56,"column":1}},"line":46}},"branchMap":{},"s":{"0":12,"1":12,"2":12,"3":1,"4":1,"5":1,"6":1,"7":1,"8":1,"9":0,"10":12,"11":0,"12":0,"13":0,"14":0,"15":0,"16":12,"17":0,"18":0,"19":0,"20":0,"21":0,"22":0,"23":12,"24":0,"25":0,"26":0,"27":0,"28":0,"29":12},"f":{"0":1,"1":0,"2":0,"3":0},"b":{},"_coverageSchema":"1a1c01bbd47fc00a2c39e90264f33305004495a9","hash":"543b74a3fc2c9ec61d0494b081f095ca15973054"}
,"C:\\Users\\james\\Documents\\Apps\\smart_saver\\server\\src\\middleware\\appMiddleware.js": {"path":"C:\\Users\\james\\Documents\\Apps\\smart_saver\\server\\src\\middleware\\appMiddleware.js","statementMap":{"0":{"start":{"line":1,"column":16},"end":{"line":1,"column":34}},"1":{"start":{"line":2,"column":0},"end":{"line":2,"column":27}},"2":{"start":{"line":3,"column":27},"end":{"line":3,"column":63}},"3":{"start":{"line":4,"column":18},"end":{"line":4,"column":46}},"4":{"start":{"line":9,"column":4},"end":{"line":9,"column":35}},"5":{"start":{"line":10,"column":18},"end":{"line":10,"column":47}},"6":{"start":{"line":11,"column":13},"end":{"line":11,"column":28}},"7":{"start":{"line":12,"column":21},"end":{"line":12,"column":45}},"8":{"start":{"line":13,"column":15},"end":{"line":13,"column":32}},"9":{"start":{"line":15,"column":18},"end":{"line":15,"column":32}},"10":{"start":{"line":17,"column":20},"end":{"line":17,"column":34}},"11":{"start":{"line":19,"column":25},"end":{"line":19,"column":33}},"12":{"start":{"line":21,"column":23},"end":{"line":26,"column":2}},"13":{"start":{"line":28,"column":16},"end":{"line":35,"column":2}},"14":{"start":{"line":33,"column":4},"end":{"line":33,"column":31}},"15":{"start":{"line":37,"column":12},"end":{"line":58,"column":1}},"16":{"start":{"line":41,"column":4},"end":{"line":41,"column":31}},"17":{"start":{"line":43,"column":4},"end":{"line":55,"column":7}},"18":{"start":{"line":44,"column":22},"end":{"line":52,"column":7}},"19":{"start":{"line":54,"column":6},"end":{"line":54,"column":54}},"20":{"start":{"line":56,"column":4},"end":{"line":56,"column":11}},"21":{"start":{"line":60,"column":21},"end":{"line":94,"column":1}},"22":{"start":{"line":61,"column":21},"end":{"line":61,"column":44}},"23":{"start":{"line":62,"column":24},"end":{"line":66,"column":3}},"24":{"start":{"line":69,"column":2},"end":{"line":84,"column":3}},"25":{"start":{"line":70,"column":4},"end":{"line":75,"column":7}},"26":{"start":{"line":77,"column":4},"end":{"line":83,"column":7}},"27":{"start":{"line":86,"column":16},"end":{"line":86,"column":54}},"28":{"start":{"line":87,"column":2},"end":{"line":91,"column":3}},"29":{"start":{"line":88,"column":4},"end":{"line":88,"column":38}},"30":{"start":{"line":89,"column":4},"end":{"line":89,"column":47}},"31":{"start":{"line":90,"column":4},"end":{"line":90,"column":45}},"32":{"start":{"line":93,"column":2},"end":{"line":93,"column":45}},"33":{"start":{"line":96,"column":0},"end":{"line":104,"column":2}}},"fnMap":{"0":{"name":"(anonymous_0)","decl":{"start":{"line":31,"column":11},"end":{"line":31,"column":12}},"loc":{"start":{"line":31,"column":31},"end":{"line":34,"column":3}},"line":31},"1":{"name":"(anonymous_1)","decl":{"start":{"line":39,"column":2},"end":{"line":39,"column":3}},"loc":{"start":{"line":39,"column":22},"end":{"line":57,"column":3}},"line":39},"2":{"name":"(anonymous_2)","decl":{"start":{"line":43,"column":21},"end":{"line":43,"column":22}},"loc":{"start":{"line":43,"column":27},"end":{"line":55,"column":5}},"line":43},"3":{"name":"(anonymous_3)","decl":{"start":{"line":60,"column":21},"end":{"line":60,"column":22}},"loc":{"start":{"line":60,"column":48},"end":{"line":94,"column":1}},"line":60}},"branchMap":{"0":{"loc":{"start":{"line":61,"column":21},"end":{"line":61,"column":44}},"type":"binary-expr","locations":[{"start":{"line":61,"column":21},"end":{"line":61,"column":37}},{"start":{"line":61,"column":41},"end":{"line":61,"column":44}}],"line":61},"1":{"loc":{"start":{"line":63,"column":13},"end":{"line":63,"column":53}},"type":"binary-expr","locations":[{"start":{"line":63,"column":13},"end":{"line":63,"column":26}},{"start":{"line":63,"column":30},"end":{"line":63,"column":53}}],"line":63},"2":{"loc":{"start":{"line":64,"column":10},"end":{"line":64,"column":47}},"type":"binary-expr","locations":[{"start":{"line":64,"column":10},"end":{"line":64,"column":20}},{"start":{"line":64,"column":24},"end":{"line":64,"column":47}}],"line":64},"3":{"loc":{"start":{"line":65,"column":12},"end":{"line":65,"column":35}},"type":"binary-expr","locations":[{"start":{"line":65,"column":12},"end":{"line":65,"column":24}},{"start":{"line":65,"column":28},"end":{"line":65,"column":35}}],"line":65},"4":{"loc":{"start":{"line":69,"column":2},"end":{"line":84,"column":3}},"type":"if","locations":[{"start":{"line":69,"column":2},"end":{"line":84,"column":3}},{"start":{"line":76,"column":9},"end":{"line":84,"column":3}}],"line":69},"5":{"loc":{"start":{"line":87,"column":2},"end":{"line":91,"column":3}},"type":"if","locations":[{"start":{"line":87,"column":2},"end":{"line":91,"column":3}},{"start":{},"end":{}}],"line":87}},"s":{"0":13,"1":13,"2":13,"3":13,"4":13,"5":13,"6":13,"7":13,"8":13,"9":13,"10":13,"11":13,"12":13,"13":13,"14":1,"15":13,"16":71,"17":71,"18":71,"19":71,"20":71,"21":13,"22":6,"23":6,"24":6,"25":6,"26":0,"27":6,"28":6,"29":0,"30":0,"31":0,"32":6,"33":13},"f":{"0":1,"1":71,"2":71,"3":6},"b":{"0":[6,0],"1":[6,0],"2":[6,0],"3":[6,0],"4":[6,0],"5":[0,6]},"_coverageSchema":"1a1c01bbd47fc00a2c39e90264f33305004495a9","hash":"e2fe70987b686ee59eb7897e82243869de6afc0e"}
,"C:\\Users\\james\\Documents\\Apps\\smart_saver\\server\\src\\middleware\\authMiddleware.js": {"path":"C:\\Users\\james\\Documents\\Apps\\smart_saver\\server\\src\\middleware\\authMiddleware.js","statementMap":{"0":{"start":{"line":1,"column":12},"end":{"line":1,"column":35}},"1":{"start":{"line":2,"column":22},"end":{"line":2,"column":49}},"2":{"start":{"line":4,"column":25},"end":{"line":14,"column":1}},"3":{"start":{"line":5,"column":16},"end":{"line":5,"column":37}},"4":{"start":{"line":7,"column":2},"end":{"line":7,"column":72}},"5":{"start":{"line":7,"column":14},"end":{"line":7,"column":72}},"6":{"start":{"line":9,"column":2},"end":{"line":13,"column":5}},"7":{"start":{"line":10,"column":4},"end":{"line":10,"column":71}},"8":{"start":{"line":10,"column":13},"end":{"line":10,"column":71}},"9":{"start":{"line":11,"column":4},"end":{"line":11,"column":20}},"10":{"start":{"line":12,"column":4},"end":{"line":12,"column":11}},"11":{"start":{"line":17,"column":0},"end":{"line":17,"column":38}}},"fnMap":{"0":{"name":"(anonymous_0)","decl":{"start":{"line":4,"column":25},"end":{"line":4,"column":26}},"loc":{"start":{"line":4,"column":45},"end":{"line":14,"column":1}},"line":4},"1":{"name":"(anonymous_1)","decl":{"start":{"line":9,"column":35},"end":{"line":9,"column":36}},"loc":{"start":{"line":9,"column":50},"end":{"line":13,"column":3}},"line":9}},"branchMap":{"0":{"loc":{"start":{"line":7,"column":2},"end":{"line":7,"column":72}},"type":"if","locations":[{"start":{"line":7,"column":2},"end":{"line":7,"column":72}},{"start":{},"end":{}}],"line":7},"1":{"loc":{"start":{"line":10,"column":4},"end":{"line":10,"column":71}},"type":"if","locations":[{"start":{"line":10,"column":4},"end":{"line":10,"column":71}},{"start":{},"end":{}}],"line":10}},"s":{"0":12,"1":12,"2":12,"3":55,"4":55,"5":0,"6":55,"7":55,"8":0,"9":55,"10":55,"11":12},"f":{"0":55,"1":55},"b":{"0":[0,55],"1":[0,55]},"_coverageSchema":"1a1c01bbd47fc00a2c39e90264f33305004495a9","hash":"762a5393516db0bffab883221f261d8ec0752a71"}
,"C:\\Users\\james\\Documents\\Apps\\smart_saver\\server\\src\\middleware\\sanitizeAndValidateMiddleware.js": {"path":"C:\\Users\\james\\Documents\\Apps\\smart_saver\\server\\src\\middleware\\sanitizeAndValidateMiddleware.js","statementMap":{"0":{"start":{"line":1,"column":12},"end":{"line":1,"column":26}},"1":{"start":{"line":2,"column":28},"end":{"line":2,"column":64}},"2":{"start":{"line":3,"column":27},"end":{"line":3,"column":60}},"3":{"start":{"line":5,"column":28},"end":{"line":24,"column":1}},"4":{"start":{"line":6,"column":17},"end":{"line":6,"column":34}},"5":{"start":{"line":7,"column":22},"end":{"line":7,"column":40}},"6":{"start":{"line":8,"column":14},"end":{"line":8,"column":51}},"7":{"start":{"line":9,"column":20},"end":{"line":9,"column":39}},"8":{"start":{"line":11,"column":2},"end":{"line":23,"column":4}},"9":{"start":{"line":12,"column":4},"end":{"line":22,"column":5}},"10":{"start":{"line":14,"column":6},"end":{"line":14,"column":70}},"11":{"start":{"line":16,"column":20},"end":{"line":16,"column":42}},"12":{"start":{"line":17,"column":6},"end":{"line":17,"column":52}},"13":{"start":{"line":17,"column":18},"end":{"line":17,"column":52}},"14":{"start":{"line":18,"column":6},"end":{"line":18,"column":13}},"15":{"start":{"line":20,"column":23},"end":{"line":20,"column":105}},"16":{"start":{"line":21,"column":6},"end":{"line":21,"column":21}},"17":{"start":{"line":26,"column":0},"end":{"line":26,"column":41}}},"fnMap":{"0":{"name":"(anonymous_0)","decl":{"start":{"line":5,"column":28},"end":{"line":5,"column":29}},"loc":{"start":{"line":5,"column":59},"end":{"line":24,"column":1}},"line":5},"1":{"name":"(anonymous_1)","decl":{"start":{"line":11,"column":9},"end":{"line":11,"column":10}},"loc":{"start":{"line":11,"column":29},"end":{"line":23,"column":3}},"line":11}},"branchMap":{"0":{"loc":{"start":{"line":17,"column":6},"end":{"line":17,"column":52}},"type":"if","locations":[{"start":{"line":17,"column":6},"end":{"line":17,"column":52}},{"start":{},"end":{}}],"line":17}},"s":{"0":13,"1":13,"2":13,"3":13,"4":172,"5":172,"6":172,"7":172,"8":172,"9":64,"10":64,"11":63,"12":63,"13":7,"14":56,"15":8,"16":8,"17":13},"f":{"0":172,"1":64},"b":{"0":[7,56]},"_coverageSchema":"1a1c01bbd47fc00a2c39e90264f33305004495a9","hash":"3fb50dc5603af747c03d4e05e22cc40dc63c947e"}
,"C:\\Users\\james\\Documents\\Apps\\smart_saver\\server\\src\\models\\CategoryModel.js": {"path":"C:\\Users\\james\\Documents\\Apps\\smart_saver\\server\\src\\models\\CategoryModel.js","statementMap":{"0":{"start":{"line":1,"column":22},"end":{"line":1,"column":42}},"1":{"start":{"line":2,"column":18},"end":{"line":2,"column":47}},"2":{"start":{"line":3,"column":13},"end":{"line":3,"column":35}},"3":{"start":{"line":5,"column":17},"end":{"line":30,"column":2}},"4":{"start":{"line":33,"column":0},"end":{"line":36,"column":3}},"5":{"start":{"line":38,"column":0},"end":{"line":38,"column":26}}},"fnMap":{},"branchMap":{},"s":{"0":12,"1":12,"2":12,"3":12,"4":12,"5":12},"f":{},"b":{},"_coverageSchema":"1a1c01bbd47fc00a2c39e90264f33305004495a9","hash":"cae20d461bb4c0b08035eed8991683e244cdc860"}
,"C:\\Users\\james\\Documents\\Apps\\smart_saver\\server\\src\\models\\MoneyPotModel.js": {"path":"C:\\Users\\james\\Documents\\Apps\\smart_saver\\server\\src\\models\\MoneyPotModel.js","statementMap":{"0":{"start":{"line":1,"column":22},"end":{"line":1,"column":42}},"1":{"start":{"line":2,"column":18},"end":{"line":2,"column":47}},"2":{"start":{"line":3,"column":13},"end":{"line":3,"column":35}},"3":{"start":{"line":5,"column":17},"end":{"line":31,"column":2}},"4":{"start":{"line":33,"column":0},"end":{"line":36,"column":3}},"5":{"start":{"line":38,"column":0},"end":{"line":38,"column":26}}},"fnMap":{},"branchMap":{},"s":{"0":12,"1":12,"2":12,"3":12,"4":12,"5":12},"f":{},"b":{},"_coverageSchema":"1a1c01bbd47fc00a2c39e90264f33305004495a9","hash":"41e981597e818e7a6e24ed5a81813c85cfae4f19"}
,"C:\\Users\\james\\Documents\\Apps\\smart_saver\\server\\src\\models\\ScheduledTransactionModel.js": {"path":"C:\\Users\\james\\Documents\\Apps\\smart_saver\\server\\src\\models\\ScheduledTransactionModel.js","statementMap":{"0":{"start":{"line":1,"column":22},"end":{"line":1,"column":42}},"1":{"start":{"line":2,"column":18},"end":{"line":2,"column":47}},"2":{"start":{"line":3,"column":13},"end":{"line":3,"column":35}},"3":{"start":{"line":4,"column":17},"end":{"line":4,"column":43}},"4":{"start":{"line":6,"column":29},"end":{"line":86,"column":2}},"5":{"start":{"line":88,"column":0},"end":{"line":91,"column":3}},"6":{"start":{"line":93,"column":0},"end":{"line":96,"column":3}},"7":{"start":{"line":98,"column":0},"end":{"line":98,"column":38}}},"fnMap":{},"branchMap":{},"s":{"0":12,"1":12,"2":12,"3":12,"4":12,"5":12,"6":12,"7":12},"f":{},"b":{},"_coverageSchema":"1a1c01bbd47fc00a2c39e90264f33305004495a9","hash":"507eeba1c030225993b0ea166ae19e709ff45f61"}
,"C:\\Users\\james\\Documents\\Apps\\smart_saver\\server\\src\\models\\TransactionModel.js": {"path":"C:\\Users\\james\\Documents\\Apps\\smart_saver\\server\\src\\models\\TransactionModel.js","statementMap":{"0":{"start":{"line":1,"column":22},"end":{"line":1,"column":42}},"1":{"start":{"line":2,"column":18},"end":{"line":2,"column":47}},"2":{"start":{"line":3,"column":13},"end":{"line":3,"column":35}},"3":{"start":{"line":4,"column":17},"end":{"line":4,"column":43}},"4":{"start":{"line":5,"column":29},"end":{"line":5,"column":67}},"5":{"start":{"line":6,"column":17},"end":{"line":6,"column":43}},"6":{"start":{"line":8,"column":20},"end":{"line":75,"column":1}},"7":{"start":{"line":77,"column":0},"end":{"line":80,"column":3}},"8":{"start":{"line":82,"column":0},"end":{"line":85,"column":3}},"9":{"start":{"line":87,"column":0},"end":{"line":90,"column":3}},"10":{"start":{"line":92,"column":0},"end":{"line":95,"column":3}},"11":{"start":{"line":97,"column":0},"end":{"line":97,"column":29}}},"fnMap":{},"branchMap":{},"s":{"0":12,"1":12,"2":12,"3":12,"4":12,"5":12,"6":12,"7":12,"8":12,"9":12,"10":12,"11":12},"f":{},"b":{},"_coverageSchema":"1a1c01bbd47fc00a2c39e90264f33305004495a9","hash":"6c196a9d8a17547a600238a1b42065f705f8ac8c"}
,"C:\\Users\\james\\Documents\\Apps\\smart_saver\\server\\src\\models\\UserModel.js": {"path":"C:\\Users\\james\\Documents\\Apps\\smart_saver\\server\\src\\models\\UserModel.js","statementMap":{"0":{"start":{"line":2,"column":22},"end":{"line":2,"column":42}},"1":{"start":{"line":3,"column":18},"end":{"line":3,"column":47}},"2":{"start":{"line":5,"column":13},"end":{"line":23,"column":2}},"3":{"start":{"line":25,"column":0},"end":{"line":25,"column":22}}},"fnMap":{},"branchMap":{},"s":{"0":12,"1":12,"2":12,"3":12},"f":{},"b":{},"_coverageSchema":"1a1c01bbd47fc00a2c39e90264f33305004495a9","hash":"e7c052e7c705a183414a03270da4520a10c2a59a"}
,"C:\\Users\\james\\Documents\\Apps\\smart_saver\\server\\src\\routes\\categoryRoutes.js": {"path":"C:\\Users\\james\\Documents\\Apps\\smart_saver\\server\\src\\routes\\categoryRoutes.js","statementMap":{"0":{"start":{"line":1,"column":16},"end":{"line":1,"column":34}},"1":{"start":{"line":2,"column":15},"end":{"line":2,"column":31}},"2":{"start":{"line":9,"column":4},"end":{"line":9,"column":48}},"3":{"start":{"line":10,"column":32},"end":{"line":10,"column":86}},"4":{"start":{"line":11,"column":36},"end":{"line":11,"column":79}},"5":{"start":{"line":14,"column":0},"end":{"line":14,"column":74}},"6":{"start":{"line":17,"column":0},"end":{"line":17,"column":36}},"7":{"start":{"line":20,"column":0},"end":{"line":20,"column":74}},"8":{"start":{"line":23,"column":0},"end":{"line":23,"column":80}},"9":{"start":{"line":26,"column":0},"end":{"line":26,"column":42}},"10":{"start":{"line":28,"column":0},"end":{"line":28,"column":24}}},"fnMap":{},"branchMap":{},"s":{"0":12,"1":12,"2":12,"3":12,"4":12,"5":12,"6":12,"7":12,"8":12,"9":12,"10":12},"f":{},"b":{},"_coverageSchema":"1a1c01bbd47fc00a2c39e90264f33305004495a9","hash":"86e1f22bf23118b134fb12482fb50c65aa52c41f"}
,"C:\\Users\\james\\Documents\\Apps\\smart_saver\\server\\src\\routes\\moneyPotRoutes.js": {"path":"C:\\Users\\james\\Documents\\Apps\\smart_saver\\server\\src\\routes\\moneyPotRoutes.js","statementMap":{"0":{"start":{"line":1,"column":16},"end":{"line":1,"column":34}},"1":{"start":{"line":2,"column":15},"end":{"line":2,"column":31}},"2":{"start":{"line":10,"column":4},"end":{"line":10,"column":48}},"3":{"start":{"line":11,"column":32},"end":{"line":11,"column":86}},"4":{"start":{"line":12,"column":23},"end":{"line":12,"column":66}},"5":{"start":{"line":15,"column":0},"end":{"line":15,"column":30}},"6":{"start":{"line":18,"column":0},"end":{"line":18,"column":36}},"7":{"start":{"line":21,"column":0},"end":{"line":21,"column":83}},"8":{"start":{"line":24,"column":0},"end":{"line":24,"column":89}},"9":{"start":{"line":27,"column":0},"end":{"line":27,"column":42}},"10":{"start":{"line":30,"column":0},"end":{"line":34,"column":2}},"11":{"start":{"line":36,"column":0},"end":{"line":36,"column":24}}},"fnMap":{},"branchMap":{},"s":{"0":12,"1":12,"2":12,"3":12,"4":12,"5":12,"6":12,"7":12,"8":12,"9":12,"10":12,"11":12},"f":{},"b":{},"_coverageSchema":"1a1c01bbd47fc00a2c39e90264f33305004495a9","hash":"fb451a2b84df1acb05a813fcd473fa757511c2df"}
,"C:\\Users\\james\\Documents\\Apps\\smart_saver\\server\\src\\routes\\scheduledTransactionRoutes.js": {"path":"C:\\Users\\james\\Documents\\Apps\\smart_saver\\server\\src\\routes\\scheduledTransactionRoutes.js","statementMap":{"0":{"start":{"line":1,"column":16},"end":{"line":1,"column":34}},"1":{"start":{"line":2,"column":15},"end":{"line":2,"column":31}},"2":{"start":{"line":9,"column":4},"end":{"line":9,"column":60}},"3":{"start":{"line":10,"column":32},"end":{"line":10,"column":86}},"4":{"start":{"line":11,"column":36},"end":{"line":11,"column":91}},"5":{"start":{"line":14,"column":0},"end":{"line":14,"column":85}},"6":{"start":{"line":17,"column":0},"end":{"line":17,"column":48}},"7":{"start":{"line":20,"column":0},"end":{"line":20,"column":86}},"8":{"start":{"line":23,"column":0},"end":{"line":23,"column":92}},"9":{"start":{"line":26,"column":0},"end":{"line":26,"column":54}},"10":{"start":{"line":28,"column":0},"end":{"line":28,"column":24}}},"fnMap":{},"branchMap":{},"s":{"0":12,"1":12,"2":12,"3":12,"4":12,"5":12,"6":12,"7":12,"8":12,"9":12,"10":12},"f":{},"b":{},"_coverageSchema":"1a1c01bbd47fc00a2c39e90264f33305004495a9","hash":"c8d248d0047b1aaabd04903cd7484a3b616e1aab"}
,"C:\\Users\\james\\Documents\\Apps\\smart_saver\\server\\src\\routes\\sessionRoutes.js": {"path":"C:\\Users\\james\\Documents\\Apps\\smart_saver\\server\\src\\routes\\sessionRoutes.js","statementMap":{"0":{"start":{"line":1,"column":16},"end":{"line":1,"column":34}},"1":{"start":{"line":2,"column":15},"end":{"line":2,"column":31}},"2":{"start":{"line":3,"column":24},"end":{"line":3,"column":40}},"3":{"start":{"line":4,"column":53},"end":{"line":4,"column":96}},"4":{"start":{"line":5,"column":32},"end":{"line":5,"column":86}},"5":{"start":{"line":6,"column":23},"end":{"line":6,"column":65}},"6":{"start":{"line":10,"column":0},"end":{"line":10,"column":37}},"7":{"start":{"line":13,"column":0},"end":{"line":13,"column":73}},"8":{"start":{"line":16,"column":0},"end":{"line":16,"column":43}},"9":{"start":{"line":18,"column":0},"end":{"line":18,"column":45}}},"fnMap":{},"branchMap":{},"s":{"0":12,"1":12,"2":12,"3":12,"4":12,"5":12,"6":12,"7":12,"8":12,"9":12},"f":{},"b":{},"_coverageSchema":"1a1c01bbd47fc00a2c39e90264f33305004495a9","hash":"3a355753933aa8e81a5816291a6c16f9010236a0"}
,"C:\\Users\\james\\Documents\\Apps\\smart_saver\\server\\src\\routes\\transactionRoutes.js": {"path":"C:\\Users\\james\\Documents\\Apps\\smart_saver\\server\\src\\routes\\transactionRoutes.js","statementMap":{"0":{"start":{"line":1,"column":16},"end":{"line":1,"column":34}},"1":{"start":{"line":2,"column":15},"end":{"line":2,"column":31}},"2":{"start":{"line":9,"column":4},"end":{"line":9,"column":51}},"3":{"start":{"line":10,"column":32},"end":{"line":10,"column":86}},"4":{"start":{"line":11,"column":36},"end":{"line":11,"column":82}},"5":{"start":{"line":14,"column":0},"end":{"line":14,"column":76}},"6":{"start":{"line":17,"column":0},"end":{"line":17,"column":39}},"7":{"start":{"line":20,"column":0},"end":{"line":20,"column":77}},"8":{"start":{"line":23,"column":0},"end":{"line":23,"column":83}},"9":{"start":{"line":26,"column":0},"end":{"line":26,"column":45}},"10":{"start":{"line":28,"column":0},"end":{"line":28,"column":24}}},"fnMap":{},"branchMap":{},"s":{"0":12,"1":12,"2":12,"3":12,"4":12,"5":12,"6":12,"7":12,"8":12,"9":12,"10":12},"f":{},"b":{},"_coverageSchema":"1a1c01bbd47fc00a2c39e90264f33305004495a9","hash":"b7e7eb15a42345e643bd92a3985bac476ace713d"}
,"C:\\Users\\james\\Documents\\Apps\\smart_saver\\server\\src\\routes\\userRoutes.js": {"path":"C:\\Users\\james\\Documents\\Apps\\smart_saver\\server\\src\\routes\\userRoutes.js","statementMap":{"0":{"start":{"line":1,"column":16},"end":{"line":1,"column":34}},"1":{"start":{"line":2,"column":15},"end":{"line":2,"column":31}},"2":{"start":{"line":3,"column":24},"end":{"line":3,"column":40}},"3":{"start":{"line":4,"column":23},"end":{"line":4,"column":63}},"4":{"start":{"line":5,"column":32},"end":{"line":5,"column":86}},"5":{"start":{"line":6,"column":23},"end":{"line":6,"column":62}},"6":{"start":{"line":9,"column":0},"end":{"line":9,"column":56}},"7":{"start":{"line":12,"column":0},"end":{"line":12,"column":85}},"8":{"start":{"line":15,"column":0},"end":{"line":15,"column":59}},"9":{"start":{"line":18,"column":0},"end":{"line":18,"column":62}},"10":{"start":{"line":20,"column":0},"end":{"line":20,"column":45}}},"fnMap":{},"branchMap":{},"s":{"0":12,"1":12,"2":12,"3":12,"4":12,"5":12,"6":12,"7":12,"8":12,"9":12,"10":12},"f":{},"b":{},"_coverageSchema":"1a1c01bbd47fc00a2c39e90264f33305004495a9","hash":"b68f7c1f67c0db6ebac882f72c761eb96d9e446e"}
,"C:\\Users\\james\\Documents\\Apps\\smart_saver\\server\\src\\services\\categoryService.js": {"path":"C:\\Users\\james\\Documents\\Apps\\smart_saver\\server\\src\\services\\categoryService.js","statementMap":{"0":{"start":{"line":1,"column":17},"end":{"line":1,"column":51}},"1":{"start":{"line":2,"column":26},"end":{"line":2,"column":62}},"2":{"start":{"line":4,"column":17},"end":{"line":15,"column":1}},"3":{"start":{"line":5,"column":2},"end":{"line":14,"column":3}},"4":{"start":{"line":6,"column":24},"end":{"line":6,"column":34}},"5":{"start":{"line":7,"column":4},"end":{"line":7,"column":38}},"6":{"start":{"line":7,"column":14},"end":{"line":7,"column":38}},"7":{"start":{"line":9,"column":23},"end":{"line":9,"column":69}},"8":{"start":{"line":11,"column":4},"end":{"line":11,"column":22}},"9":{"start":{"line":13,"column":4},"end":{"line":13,"column":16}},"10":{"start":{"line":17,"column":21},"end":{"line":31,"column":1}},"11":{"start":{"line":18,"column":2},"end":{"line":30,"column":3}},"12":{"start":{"line":19,"column":24},"end":{"line":19,"column":38}},"13":{"start":{"line":21,"column":21},"end":{"line":21,"column":67}},"14":{"start":{"line":23,"column":4},"end":{"line":25,"column":5}},"15":{"start":{"line":24,"column":6},"end":{"line":24,"column":68}},"16":{"start":{"line":27,"column":4},"end":{"line":27,"column":20}},"17":{"start":{"line":29,"column":4},"end":{"line":29,"column":16}},"18":{"start":{"line":33,"column":15},"end":{"line":40,"column":1}},"19":{"start":{"line":34,"column":2},"end":{"line":39,"column":3}},"20":{"start":{"line":35,"column":21},"end":{"line":35,"column":71}},"21":{"start":{"line":36,"column":4},"end":{"line":36,"column":20}},"22":{"start":{"line":38,"column":4},"end":{"line":38,"column":16}},"23":{"start":{"line":42,"column":19},"end":{"line":58,"column":1}},"24":{"start":{"line":43,"column":2},"end":{"line":57,"column":3}},"25":{"start":{"line":44,"column":24},"end":{"line":44,"column":38}},"26":{"start":{"line":46,"column":20},"end":{"line":48,"column":6}},"27":{"start":{"line":50,"column":4},"end":{"line":52,"column":5}},"28":{"start":{"line":51,"column":6},"end":{"line":51,"column":91}},"29":{"start":{"line":54,"column":4},"end":{"line":54,"column":19}},"30":{"start":{"line":56,"column":4},"end":{"line":56,"column":16}},"31":{"start":{"line":60,"column":19},"end":{"line":74,"column":1}},"32":{"start":{"line":61,"column":2},"end":{"line":73,"column":3}},"33":{"start":{"line":62,"column":24},"end":{"line":62,"column":38}},"34":{"start":{"line":64,"column":20},"end":{"line":64,"column":66}},"35":{"start":{"line":66,"column":4},"end":{"line":68,"column":5}},"36":{"start":{"line":67,"column":6},"end":{"line":67,"column":91}},"37":{"start":{"line":70,"column":4},"end":{"line":70,"column":19}},"38":{"start":{"line":72,"column":4},"end":{"line":72,"column":16}},"39":{"start":{"line":76,"column":0},"end":{"line":82,"column":2}}},"fnMap":{"0":{"name":"(anonymous_0)","decl":{"start":{"line":4,"column":17},"end":{"line":4,"column":18}},"loc":{"start":{"line":4,"column":41},"end":{"line":15,"column":1}},"line":4},"1":{"name":"(anonymous_1)","decl":{"start":{"line":17,"column":21},"end":{"line":17,"column":22}},"loc":{"start":{"line":17,"column":43},"end":{"line":31,"column":1}},"line":17},"2":{"name":"(anonymous_2)","decl":{"start":{"line":33,"column":15},"end":{"line":33,"column":16}},"loc":{"start":{"line":33,"column":47},"end":{"line":40,"column":1}},"line":33},"3":{"name":"(anonymous_3)","decl":{"start":{"line":42,"column":19},"end":{"line":42,"column":20}},"loc":{"start":{"line":42,"column":55},"end":{"line":58,"column":1}},"line":42},"4":{"name":"(anonymous_4)","decl":{"start":{"line":60,"column":19},"end":{"line":60,"column":20}},"loc":{"start":{"line":60,"column":41},"end":{"line":74,"column":1}},"line":60}},"branchMap":{"0":{"loc":{"start":{"line":7,"column":4},"end":{"line":7,"column":38}},"type":"if","locations":[{"start":{"line":7,"column":4},"end":{"line":7,"column":38}},{"start":{},"end":{}}],"line":7},"1":{"loc":{"start":{"line":23,"column":4},"end":{"line":25,"column":5}},"type":"if","locations":[{"start":{"line":23,"column":4},"end":{"line":25,"column":5}},{"start":{},"end":{}}],"line":23},"2":{"loc":{"start":{"line":50,"column":4},"end":{"line":52,"column":5}},"type":"if","locations":[{"start":{"line":50,"column":4},"end":{"line":52,"column":5}},{"start":{},"end":{}}],"line":50},"3":{"loc":{"start":{"line":50,"column":8},"end":{"line":50,"column":36}},"type":"binary-expr","locations":[{"start":{"line":50,"column":8},"end":{"line":50,"column":16}},{"start":{"line":50,"column":20},"end":{"line":50,"column":36}}],"line":50},"4":{"loc":{"start":{"line":66,"column":4},"end":{"line":68,"column":5}},"type":"if","locations":[{"start":{"line":66,"column":4},"end":{"line":68,"column":5}},{"start":{},"end":{}}],"line":66}},"s":{"0":12,"1":12,"2":12,"3":2,"4":2,"5":2,"6":1,"7":2,"8":2,"9":0,"10":12,"11":1,"12":1,"13":1,"14":1,"15":0,"16":1,"17":0,"18":12,"19":1,"20":1,"21":1,"22":0,"23":12,"24":1,"25":1,"26":1,"27":1,"28":0,"29":1,"30":0,"31":12,"32":1,"33":1,"34":1,"35":1,"36":0,"37":1,"38":0,"39":12},"f":{"0":2,"1":1,"2":1,"3":1,"4":1},"b":{"0":[1,1],"1":[0,1],"2":[0,1],"3":[1,1],"4":[0,1]},"_coverageSchema":"1a1c01bbd47fc00a2c39e90264f33305004495a9","hash":"ff098d68c621332cf65686cdaff26133920ae9f6"}
,"C:\\Users\\james\\Documents\\Apps\\smart_saver\\server\\src\\services\\moneyPotService.js": {"path":"C:\\Users\\james\\Documents\\Apps\\smart_saver\\server\\src\\services\\moneyPotService.js","statementMap":{"0":{"start":{"line":1,"column":17},"end":{"line":1,"column":51}},"1":{"start":{"line":2,"column":20},"end":{"line":2,"column":57}},"2":{"start":{"line":3,"column":18},"end":{"line":3,"column":47}},"3":{"start":{"line":4,"column":60},"end":{"line":4,"column":96}},"4":{"start":{"line":6,"column":17},"end":{"line":19,"column":1}},"5":{"start":{"line":7,"column":2},"end":{"line":18,"column":3}},"6":{"start":{"line":8,"column":24},"end":{"line":8,"column":34}},"7":{"start":{"line":9,"column":24},"end":{"line":12,"column":5}},"8":{"start":{"line":13,"column":22},"end":{"line":13,"column":88}},"9":{"start":{"line":15,"column":4},"end":{"line":15,"column":21}},"10":{"start":{"line":17,"column":4},"end":{"line":17,"column":16}},"11":{"start":{"line":21,"column":21},"end":{"line":32,"column":1}},"12":{"start":{"line":22,"column":2},"end":{"line":31,"column":3}},"13":{"start":{"line":23,"column":21},"end":{"line":23,"column":70}},"14":{"start":{"line":25,"column":4},"end":{"line":27,"column":5}},"15":{"start":{"line":26,"column":6},"end":{"line":26,"column":82}},"16":{"start":{"line":28,"column":4},"end":{"line":28,"column":20}},"17":{"start":{"line":30,"column":4},"end":{"line":30,"column":16}},"18":{"start":{"line":34,"column":15},"end":{"line":41,"column":1}},"19":{"start":{"line":35,"column":2},"end":{"line":40,"column":3}},"20":{"start":{"line":36,"column":21},"end":{"line":36,"column":71}},"21":{"start":{"line":37,"column":4},"end":{"line":37,"column":20}},"22":{"start":{"line":39,"column":4},"end":{"line":39,"column":16}},"23":{"start":{"line":43,"column":19},"end":{"line":56,"column":1}},"24":{"start":{"line":44,"column":2},"end":{"line":55,"column":3}},"25":{"start":{"line":45,"column":24},"end":{"line":45,"column":38}},"26":{"start":{"line":46,"column":20},"end":{"line":46,"column":79}},"27":{"start":{"line":48,"column":4},"end":{"line":50,"column":5}},"28":{"start":{"line":49,"column":6},"end":{"line":49,"column":92}},"29":{"start":{"line":52,"column":4},"end":{"line":52,"column":19}},"30":{"start":{"line":54,"column":4},"end":{"line":54,"column":16}},"31":{"start":{"line":58,"column":19},"end":{"line":71,"column":1}},"32":{"start":{"line":59,"column":2},"end":{"line":70,"column":3}},"33":{"start":{"line":60,"column":24},"end":{"line":60,"column":38}},"34":{"start":{"line":61,"column":20},"end":{"line":61,"column":66}},"35":{"start":{"line":63,"column":4},"end":{"line":65,"column":5}},"36":{"start":{"line":64,"column":6},"end":{"line":64,"column":92}},"37":{"start":{"line":67,"column":4},"end":{"line":67,"column":19}},"38":{"start":{"line":69,"column":4},"end":{"line":69,"column":16}},"39":{"start":{"line":73,"column":17},"end":{"line":113,"column":1}},"40":{"start":{"line":74,"column":2},"end":{"line":112,"column":3}},"41":{"start":{"line":75,"column":4},"end":{"line":104,"column":7}},"42":{"start":{"line":76,"column":24},"end":{"line":76,"column":78}},"43":{"start":{"line":77,"column":22},"end":{"line":77,"column":74}},"44":{"start":{"line":79,"column":6},"end":{"line":81,"column":7}},"45":{"start":{"line":80,"column":8},"end":{"line":80,"column":85}},"46":{"start":{"line":83,"column":6},"end":{"line":85,"column":7}},"47":{"start":{"line":84,"column":8},"end":{"line":84,"column":75}},"48":{"start":{"line":87,"column":19},"end":{"line":87,"column":29}},"49":{"start":{"line":89,"column":6},"end":{"line":98,"column":8}},"50":{"start":{"line":100,"column":6},"end":{"line":103,"column":8}},"51":{"start":{"line":106,"column":4},"end":{"line":106,"column":94}},"52":{"start":{"line":107,"column":4},"end":{"line":107,"column":97}},"53":{"start":{"line":109,"column":4},"end":{"line":109,"column":16}},"54":{"start":{"line":111,"column":4},"end":{"line":111,"column":16}},"55":{"start":{"line":115,"column":22},"end":{"line":158,"column":1}},"56":{"start":{"line":116,"column":2},"end":{"line":157,"column":3}},"57":{"start":{"line":117,"column":4},"end":{"line":117,"column":40}},"58":{"start":{"line":117,"column":33},"end":{"line":117,"column":40}},"59":{"start":{"line":119,"column":16},"end":{"line":119,"column":63}},"60":{"start":{"line":121,"column":4},"end":{"line":123,"column":5}},"61":{"start":{"line":122,"column":6},"end":{"line":122,"column":102}},"62":{"start":{"line":125,"column":19},"end":{"line":125,"column":45}},"63":{"start":{"line":126,"column":20},"end":{"line":126,"column":39}},"64":{"start":{"line":128,"column":22},"end":{"line":128,"column":63}},"65":{"start":{"line":129,"column":21},"end":{"line":129,"column":61}},"66":{"start":{"line":130,"column":21},"end":{"line":130,"column":43}},"67":{"start":{"line":131,"column":22},"end":{"line":131,"column":45}},"68":{"start":{"line":132,"column":21},"end":{"line":132,"column":43}},"69":{"start":{"line":134,"column":4},"end":{"line":152,"column":5}},"70":{"start":{"line":135,"column":6},"end":{"line":139,"column":7}},"71":{"start":{"line":136,"column":8},"end":{"line":136,"column":39}},"72":{"start":{"line":138,"column":8},"end":{"line":138,"column":39}},"73":{"start":{"line":140,"column":11},"end":{"line":152,"column":5}},"74":{"start":{"line":141,"column":29},"end":{"line":141,"column":63}},"75":{"start":{"line":144,"column":6},"end":{"line":148,"column":7}},"76":{"start":{"line":145,"column":8},"end":{"line":145,"column":84}},"77":{"start":{"line":147,"column":8},"end":{"line":147,"column":83}},"78":{"start":{"line":149,"column":6},"end":{"line":149,"column":41}},"79":{"start":{"line":151,"column":6},"end":{"line":151,"column":117}},"80":{"start":{"line":154,"column":4},"end":{"line":154,"column":21}},"81":{"start":{"line":156,"column":4},"end":{"line":156,"column":16}},"82":{"start":{"line":160,"column":0},"end":{"line":168,"column":2}}},"fnMap":{"0":{"name":"(anonymous_0)","decl":{"start":{"line":6,"column":17},"end":{"line":6,"column":18}},"loc":{"start":{"line":6,"column":35},"end":{"line":19,"column":1}},"line":6},"1":{"name":"(anonymous_1)","decl":{"start":{"line":21,"column":21},"end":{"line":21,"column":22}},"loc":{"start":{"line":21,"column":43},"end":{"line":32,"column":1}},"line":21},"2":{"name":"(anonymous_2)","decl":{"start":{"line":34,"column":15},"end":{"line":34,"column":16}},"loc":{"start":{"line":34,"column":47},"end":{"line":41,"column":1}},"line":34},"3":{"name":"(anonymous_3)","decl":{"start":{"line":43,"column":19},"end":{"line":43,"column":20}},"loc":{"start":{"line":43,"column":55},"end":{"line":56,"column":1}},"line":43},"4":{"name":"(anonymous_4)","decl":{"start":{"line":58,"column":19},"end":{"line":58,"column":20}},"loc":{"start":{"line":58,"column":41},"end":{"line":71,"column":1}},"line":58},"5":{"name":"(anonymous_5)","decl":{"start":{"line":73,"column":17},"end":{"line":73,"column":18}},"loc":{"start":{"line":73,"column":67},"end":{"line":113,"column":1}},"line":73},"6":{"name":"(anonymous_6)","decl":{"start":{"line":75,"column":32},"end":{"line":75,"column":33}},"loc":{"start":{"line":75,"column":45},"end":{"line":104,"column":5}},"line":75},"7":{"name":"(anonymous_7)","decl":{"start":{"line":115,"column":22},"end":{"line":115,"column":23}},"loc":{"start":{"line":115,"column":77},"end":{"line":158,"column":1}},"line":115}},"branchMap":{"0":{"loc":{"start":{"line":25,"column":4},"end":{"line":27,"column":5}},"type":"if","locations":[{"start":{"line":25,"column":4},"end":{"line":27,"column":5}},{"start":{},"end":{}}],"line":25},"1":{"loc":{"start":{"line":48,"column":4},"end":{"line":50,"column":5}},"type":"if","locations":[{"start":{"line":48,"column":4},"end":{"line":50,"column":5}},{"start":{},"end":{}}],"line":48},"2":{"loc":{"start":{"line":48,"column":8},"end":{"line":48,"column":36}},"type":"binary-expr","locations":[{"start":{"line":48,"column":8},"end":{"line":48,"column":16}},{"start":{"line":48,"column":20},"end":{"line":48,"column":36}}],"line":48},"3":{"loc":{"start":{"line":63,"column":4},"end":{"line":65,"column":5}},"type":"if","locations":[{"start":{"line":63,"column":4},"end":{"line":65,"column":5}},{"start":{},"end":{}}],"line":63},"4":{"loc":{"start":{"line":79,"column":6},"end":{"line":81,"column":7}},"type":"if","locations":[{"start":{"line":79,"column":6},"end":{"line":81,"column":7}},{"start":{},"end":{}}],"line":79},"5":{"loc":{"start":{"line":79,"column":10},"end":{"line":79,"column":32}},"type":"binary-expr","locations":[{"start":{"line":79,"column":10},"end":{"line":79,"column":20}},{"start":{"line":79,"column":24},"end":{"line":79,"column":32}}],"line":79},"6":{"loc":{"start":{"line":83,"column":6},"end":{"line":85,"column":7}},"type":"if","locations":[{"start":{"line":83,"column":6},"end":{"line":85,"column":7}},{"start":{},"end":{}}],"line":83},"7":{"loc":{"start":{"line":117,"column":4},"end":{"line":117,"column":40}},"type":"if","locations":[{"start":{"line":117,"column":4},"end":{"line":117,"column":40}},{"start":{},"end":{}}],"line":117},"8":{"loc":{"start":{"line":121,"column":4},"end":{"line":123,"column":5}},"type":"if","locations":[{"start":{"line":121,"column":4},"end":{"line":123,"column":5}},{"start":{},"end":{}}],"line":121},"9":{"loc":{"start":{"line":134,"column":4},"end":{"line":152,"column":5}},"type":"if","locations":[{"start":{"line":134,"column":4},"end":{"line":152,"column":5}},{"start":{"line":140,"column":11},"end":{"line":152,"column":5}}],"line":134},"10":{"loc":{"start":{"line":134,"column":8},"end":{"line":134,"column":29}},"type":"binary-expr","locations":[{"start":{"line":134,"column":8},"end":{"line":134,"column":16}},{"start":{"line":134,"column":20},"end":{"line":134,"column":29}}],"line":134},"11":{"loc":{"start":{"line":135,"column":6},"end":{"line":139,"column":7}},"type":"if","locations":[{"start":{"line":135,"column":6},"end":{"line":139,"column":7}},{"start":{"line":137,"column":13},"end":{"line":139,"column":7}}],"line":135},"12":{"loc":{"start":{"line":135,"column":10},"end":{"line":135,"column":60}},"type":"binary-expr","locations":[{"start":{"line":135,"column":11},"end":{"line":135,"column":20}},{"start":{"line":135,"column":24},"end":{"line":135,"column":33}},{"start":{"line":135,"column":39},"end":{"line":135,"column":47}},{"start":{"line":135,"column":51},"end":{"line":135,"column":59}}],"line":135},"13":{"loc":{"start":{"line":140,"column":11},"end":{"line":152,"column":5}},"type":"if","locations":[{"start":{"line":140,"column":11},"end":{"line":152,"column":5}},{"start":{"line":150,"column":11},"end":{"line":152,"column":5}}],"line":140},"14":{"loc":{"start":{"line":144,"column":6},"end":{"line":148,"column":7}},"type":"if","locations":[{"start":{"line":144,"column":6},"end":{"line":148,"column":7}},{"start":{"line":146,"column":13},"end":{"line":148,"column":7}}],"line":144},"15":{"loc":{"start":{"line":145,"column":21},"end":{"line":145,"column":83}},"type":"cond-expr","locations":[{"start":{"line":145,"column":33},"end":{"line":145,"column":57}},{"start":{"line":145,"column":60},"end":{"line":145,"column":83}}],"line":145},"16":{"loc":{"start":{"line":147,"column":21},"end":{"line":147,"column":82}},"type":"cond-expr","locations":[{"start":{"line":147,"column":33},"end":{"line":147,"column":56}},{"start":{"line":147,"column":59},"end":{"line":147,"column":82}}],"line":147}},"s":{"0":12,"1":12,"2":12,"3":12,"4":12,"5":1,"6":1,"7":1,"8":1,"9":1,"10":0,"11":12,"12":11,"13":11,"14":11,"15":0,"16":11,"17":0,"18":12,"19":1,"20":1,"21":1,"22":0,"23":12,"24":1,"25":1,"26":1,"27":1,"28":0,"29":1,"30":0,"31":12,"32":1,"33":1,"34":1,"35":1,"36":0,"37":1,"38":0,"39":12,"40":1,"41":1,"42":1,"43":1,"44":1,"45":0,"46":1,"47":0,"48":1,"49":1,"50":1,"51":1,"52":1,"53":1,"54":0,"55":12,"56":14,"57":14,"58":1,"59":13,"60":13,"61":0,"62":13,"63":13,"64":13,"65":13,"66":13,"67":13,"68":13,"69":13,"70":10,"71":6,"72":4,"73":3,"74":3,"75":3,"76":1,"77":2,"78":3,"79":0,"80":13,"81":0,"82":12},"f":{"0":1,"1":11,"2":1,"3":1,"4":1,"5":1,"6":1,"7":14},"b":{"0":[0,11],"1":[0,1],"2":[1,1],"3":[0,1],"4":[0,1],"5":[1,1],"6":[0,1],"7":[1,13],"8":[0,13],"9":[10,3],"10":[13,4],"11":[6,4],"12":[10,3,10,7],"13":[3,0],"14":[1,2],"15":[1,0],"16":[0,2]},"_coverageSchema":"1a1c01bbd47fc00a2c39e90264f33305004495a9","hash":"9a9ee836e69293c111238049b521b5d320b6b87a"}
,"C:\\Users\\james\\Documents\\Apps\\smart_saver\\server\\src\\services\\sessionService.js": {"path":"C:\\Users\\james\\Documents\\Apps\\smart_saver\\server\\src\\services\\sessionService.js","statementMap":{"0":{"start":{"line":1,"column":13},"end":{"line":1,"column":43}},"1":{"start":{"line":2,"column":46},"end":{"line":2,"column":75}},"2":{"start":{"line":3,"column":26},"end":{"line":3,"column":59}},"3":{"start":{"line":4,"column":47},"end":{"line":4,"column":83}},"4":{"start":{"line":6,"column":24},"end":{"line":25,"column":1}},"5":{"start":{"line":7,"column":2},"end":{"line":24,"column":3}},"6":{"start":{"line":8,"column":28},"end":{"line":8,"column":48}},"7":{"start":{"line":9,"column":17},"end":{"line":9,"column":74}},"8":{"start":{"line":11,"column":4},"end":{"line":13,"column":5}},"9":{"start":{"line":12,"column":6},"end":{"line":12,"column":66}},"10":{"start":{"line":15,"column":28},"end":{"line":15,"column":77}},"11":{"start":{"line":16,"column":4},"end":{"line":18,"column":5}},"12":{"start":{"line":17,"column":6},"end":{"line":17,"column":76}},"13":{"start":{"line":20,"column":22},"end":{"line":20,"column":60}},"14":{"start":{"line":21,"column":4},"end":{"line":21,"column":21}},"15":{"start":{"line":23,"column":4},"end":{"line":23,"column":16}},"16":{"start":{"line":27,"column":0},"end":{"line":29,"column":2}}},"fnMap":{"0":{"name":"(anonymous_0)","decl":{"start":{"line":6,"column":24},"end":{"line":6,"column":25}},"loc":{"start":{"line":6,"column":55},"end":{"line":25,"column":1}},"line":6}},"branchMap":{"0":{"loc":{"start":{"line":11,"column":4},"end":{"line":13,"column":5}},"type":"if","locations":[{"start":{"line":11,"column":4},"end":{"line":13,"column":5}},{"start":{},"end":{}}],"line":11},"1":{"loc":{"start":{"line":16,"column":4},"end":{"line":18,"column":5}},"type":"if","locations":[{"start":{"line":16,"column":4},"end":{"line":18,"column":5}},{"start":{},"end":{}}],"line":16}},"s":{"0":12,"1":12,"2":12,"3":12,"4":12,"5":16,"6":16,"7":16,"8":16,"9":0,"10":16,"11":16,"12":0,"13":16,"14":16,"15":0,"16":12},"f":{"0":16},"b":{"0":[0,16],"1":[0,16]},"_coverageSchema":"1a1c01bbd47fc00a2c39e90264f33305004495a9","hash":"897cae4099c7d46889b1bebc3f2b862988d1002f"}
,"C:\\Users\\james\\Documents\\Apps\\smart_saver\\server\\src\\services\\transactionService.js": {"path":"C:\\Users\\james\\Documents\\Apps\\smart_saver\\server\\src\\services\\transactionService.js","statementMap":{"0":{"start":{"line":1,"column":20},"end":{"line":1,"column":57}},"1":{"start":{"line":2,"column":24},"end":{"line":2,"column":52}},"2":{"start":{"line":3,"column":15},"end":{"line":3,"column":35}},"3":{"start":{"line":4,"column":39},"end":{"line":4,"column":75}},"4":{"start":{"line":6,"column":17},"end":{"line":68,"column":1}},"5":{"start":{"line":7,"column":2},"end":{"line":67,"column":3}},"6":{"start":{"line":21,"column":8},"end":{"line":21,"column":13}},"7":{"start":{"line":23,"column":24},"end":{"line":23,"column":42}},"8":{"start":{"line":24,"column":22},"end":{"line":24,"column":24}},"9":{"start":{"line":26,"column":4},"end":{"line":26,"column":56}},"10":{"start":{"line":26,"column":20},"end":{"line":26,"column":56}},"11":{"start":{"line":27,"column":4},"end":{"line":27,"column":99}},"12":{"start":{"line":27,"column":20},"end":{"line":27,"column":99}},"13":{"start":{"line":28,"column":4},"end":{"line":28,"column":92}},"14":{"start":{"line":28,"column":32},"end":{"line":28,"column":92}},"15":{"start":{"line":29,"column":4},"end":{"line":29,"column":71}},"16":{"start":{"line":29,"column":25},"end":{"line":29,"column":71}},"17":{"start":{"line":30,"column":4},"end":{"line":30,"column":65}},"18":{"start":{"line":30,"column":14},"end":{"line":30,"column":65}},"19":{"start":{"line":31,"column":4},"end":{"line":31,"column":86}},"20":{"start":{"line":31,"column":21},"end":{"line":31,"column":86}},"21":{"start":{"line":32,"column":4},"end":{"line":32,"column":87}},"22":{"start":{"line":32,"column":19},"end":{"line":32,"column":87}},"23":{"start":{"line":33,"column":4},"end":{"line":33,"column":87}},"24":{"start":{"line":33,"column":19},"end":{"line":33,"column":87}},"25":{"start":{"line":35,"column":4},"end":{"line":51,"column":5}},"26":{"start":{"line":36,"column":6},"end":{"line":39,"column":8}},"27":{"start":{"line":40,"column":11},"end":{"line":51,"column":5}},"28":{"start":{"line":41,"column":6},"end":{"line":45,"column":8}},"29":{"start":{"line":46,"column":11},"end":{"line":51,"column":5}},"30":{"start":{"line":47,"column":6},"end":{"line":50,"column":8}},"31":{"start":{"line":53,"column":20},"end":{"line":53,"column":29}},"32":{"start":{"line":54,"column":21},"end":{"line":54,"column":24}},"33":{"start":{"line":55,"column":19},"end":{"line":55,"column":43}},"34":{"start":{"line":57,"column":25},"end":{"line":62,"column":6}},"35":{"start":{"line":64,"column":4},"end":{"line":64,"column":24}},"36":{"start":{"line":66,"column":4},"end":{"line":66,"column":16}},"37":{"start":{"line":70,"column":21},"end":{"line":84,"column":1}},"38":{"start":{"line":71,"column":2},"end":{"line":83,"column":3}},"39":{"start":{"line":72,"column":24},"end":{"line":72,"column":38}},"40":{"start":{"line":74,"column":24},"end":{"line":74,"column":73}},"41":{"start":{"line":76,"column":4},"end":{"line":78,"column":5}},"42":{"start":{"line":77,"column":6},"end":{"line":77,"column":84}},"43":{"start":{"line":80,"column":4},"end":{"line":80,"column":23}},"44":{"start":{"line":82,"column":4},"end":{"line":82,"column":16}},"45":{"start":{"line":86,"column":15},"end":{"line":99,"column":1}},"46":{"start":{"line":87,"column":2},"end":{"line":98,"column":3}},"47":{"start":{"line":88,"column":21},"end":{"line":88,"column":85}},"48":{"start":{"line":89,"column":22},"end":{"line":89,"column":67}},"49":{"start":{"line":90,"column":4},"end":{"line":92,"column":5}},"50":{"start":{"line":91,"column":6},"end":{"line":91,"column":73}},"51":{"start":{"line":93,"column":24},"end":{"line":93,"column":80}},"52":{"start":{"line":94,"column":4},"end":{"line":94,"column":63}},"53":{"start":{"line":95,"column":4},"end":{"line":95,"column":23}},"54":{"start":{"line":97,"column":4},"end":{"line":97,"column":16}},"55":{"start":{"line":101,"column":19},"end":{"line":117,"column":1}},"56":{"start":{"line":102,"column":2},"end":{"line":116,"column":3}},"57":{"start":{"line":103,"column":21},"end":{"line":103,"column":85}},"58":{"start":{"line":104,"column":22},"end":{"line":104,"column":67}},"59":{"start":{"line":105,"column":4},"end":{"line":107,"column":5}},"60":{"start":{"line":106,"column":6},"end":{"line":106,"column":73}},"61":{"start":{"line":109,"column":24},"end":{"line":109,"column":53}},"62":{"start":{"line":110,"column":32},"end":{"line":110,"column":81}},"63":{"start":{"line":111,"column":20},"end":{"line":111,"column":85}},"64":{"start":{"line":112,"column":4},"end":{"line":112,"column":88}},"65":{"start":{"line":113,"column":4},"end":{"line":113,"column":19}},"66":{"start":{"line":115,"column":4},"end":{"line":115,"column":16}},"67":{"start":{"line":119,"column":19},"end":{"line":129,"column":1}},"68":{"start":{"line":120,"column":2},"end":{"line":128,"column":3}},"69":{"start":{"line":121,"column":24},"end":{"line":121,"column":91}},"70":{"start":{"line":122,"column":24},"end":{"line":122,"column":61}},"71":{"start":{"line":123,"column":4},"end":{"line":123,"column":54}},"72":{"start":{"line":124,"column":4},"end":{"line":124,"column":64}},"73":{"start":{"line":125,"column":4},"end":{"line":125,"column":16}},"74":{"start":{"line":127,"column":4},"end":{"line":127,"column":16}},"75":{"start":{"line":131,"column":0},"end":{"line":137,"column":2}}},"fnMap":{"0":{"name":"(anonymous_0)","decl":{"start":{"line":6,"column":17},"end":{"line":6,"column":18}},"loc":{"start":{"line":6,"column":42},"end":{"line":68,"column":1}},"line":6},"1":{"name":"(anonymous_1)","decl":{"start":{"line":70,"column":21},"end":{"line":70,"column":22}},"loc":{"start":{"line":70,"column":43},"end":{"line":84,"column":1}},"line":70},"2":{"name":"(anonymous_2)","decl":{"start":{"line":86,"column":15},"end":{"line":86,"column":16}},"loc":{"start":{"line":86,"column":50},"end":{"line":99,"column":1}},"line":86},"3":{"name":"(anonymous_3)","decl":{"start":{"line":101,"column":19},"end":{"line":101,"column":20}},"loc":{"start":{"line":101,"column":69},"end":{"line":117,"column":1}},"line":101},"4":{"name":"(anonymous_4)","decl":{"start":{"line":119,"column":19},"end":{"line":119,"column":20}},"loc":{"start":{"line":119,"column":52},"end":{"line":129,"column":1}},"line":119}},"branchMap":{"0":{"loc":{"start":{"line":26,"column":4},"end":{"line":26,"column":56}},"type":"if","locations":[{"start":{"line":26,"column":4},"end":{"line":26,"column":56}},{"start":{},"end":{}}],"line":26},"1":{"loc":{"start":{"line":27,"column":4},"end":{"line":27,"column":99}},"type":"if","locations":[{"start":{"line":27,"column":4},"end":{"line":27,"column":99}},{"start":{},"end":{}}],"line":27},"2":{"loc":{"start":{"line":27,"column":8},"end":{"line":27,"column":18}},"type":"binary-expr","locations":[{"start":{"line":27,"column":8},"end":{"line":27,"column":12}},{"start":{"line":27,"column":16},"end":{"line":27,"column":18}}],"line":27},"3":{"loc":{"start":{"line":28,"column":4},"end":{"line":28,"column":92}},"type":"if","locations":[{"start":{"line":28,"column":4},"end":{"line":28,"column":92}},{"start":{},"end":{}}],"line":28},"4":{"loc":{"start":{"line":29,"column":4},"end":{"line":29,"column":71}},"type":"if","locations":[{"start":{"line
[...]
line":6},"2":{"loc":{"start":{"line":10,"column":2},"end":{"line":39,"column":3}},"type":"switch","locations":[{"start":{"line":11,"column":2},"end":{"line":13,"column":10}},{"start":{"line":14,"column":2},"end":{"line":19,"column":10}},{"start":{"line":20,"column":2},"end":{"line":23,"column":10}},{"start":{"line":24,"column":2},"end":{"line":27,"column":10}},{"start":{"line":28,"column":2},"end":{"line":31,"column":10}},{"start":{"line":32,"column":2},"end":{"line":36,"column":10}},{"start":{"line":37,"column":2},"end":{"line":38,"column":47}}],"line":10},"3":{"loc":{"start":{"line":22,"column":21},"end":{"line":22,"column":58}},"type":"binary-expr","locations":[{"start":{"line":22,"column":21},"end":{"line":22,"column":32}},{"start":{"line":22,"column":36},"end":{"line":22,"column":58}}],"line":22},"4":{"loc":{"start":{"line":26,"column":21},"end":{"line":26,"column":58}},"type":"binary-expr","locations":[{"start":{"line":26,"column":21},"end":{"line":26,"column":32}},{"start":{"line":26,"column":36},"end":{"line":26,"column":58}}],"line":26},"5":{"loc":{"start":{"line":30,"column":21},"end":{"line":30,"column":58}},"type":"binary-expr","locations":[{"start":{"line":30,"column":21},"end":{"line":30,"column":32}},{"start":{"line":30,"column":36},"end":{"line":30,"column":58}}],"line":30},"6":{"loc":{"start":{"line":34,"column":22},"end":{"line":34,"column":60}},"type":"binary-expr","locations":[{"start":{"line":34,"column":22},"end":{"line":34,"column":33}},{"start":{"line":34,"column":37},"end":{"line":34,"column":60}}],"line":34},"7":{"loc":{"start":{"line":35,"column":21},"end":{"line":35,"column":58}},"type":"binary-expr","locations":[{"start":{"line":35,"column":21},"end":{"line":35,"column":32}},{"start":{"line":35,"column":36},"end":{"line":35,"column":58}}],"line":35}},"s":{"0":10,"1":10,"2":10,"3":10,"4":0,"5":10,"6":2,"7":2,"8":1,"9":1,"10":1,"11":1,"12":1,"13":1,"14":1,"15":1,"16":1,"17":1,"18":1,"19":1,"20":1,"21":1,"22":2,"23":2,"24":2,"25":2,"26":2,"27":8,"28":13},"f":{"0":10},"b":{"0":[8,2],"1":[0,10],"2":[2,1,1,1,1,2,2],"3":[1,0],"4":[1,0],"5":[1,0],"6":[2,1],"7":[2,1]},"_coverageSchema":"1a1c01bbd47fc00a2c39e90264f33305004495a9","hash":"4633a2b74f1a106aecfca8798d9a85199218c056"}
,"C:\\Users\\james\\Documents\\Apps\\smart_saver\\server\\src\\services\\scheduledTransaction\\scheduledTransactionService.js": {"path":"C:\\Users\\james\\Documents\\Apps\\smart_saver\\server\\src\\services\\scheduledTransaction\\scheduledTransactionService.js","statementMap":{"0":{"start":{"line":1,"column":29},"end":{"line":1,"column":78}},"1":{"start":{"line":2,"column":24},"end":{"line":2,"column":44}},"2":{"start":{"line":3,"column":31},"end":{"line":3,"column":66}},"3":{"start":{"line":5,"column":17},"end":{"line":27,"column":1}},"4":{"start":{"line":9,"column":2},"end":{"line":26,"column":3}},"5":{"start":{"line":10,"column":24},"end":{"line":10,"column":34}},"6":{"start":{"line":11,"column":24},"end":{"line":13,"column":5}},"7":{"start":{"line":15,"column":4},"end":{"line":15,"column":77}},"8":{"start":{"line":15,"column":27},"end":{"line":15,"column":77}},"9":{"start":{"line":16,"column":4},"end":{"line":16,"column":71}},"10":{"start":{"line":16,"column":25},"end":{"line":16,"column":71}},"11":{"start":{"line":17,"column":4},"end":{"line":17,"column":59}},"12":{"start":{"line":17,"column":14},"end":{"line":17,"column":59}},"13":{"start":{"line":18,"column":4},"end":{"line":18,"column":87}},"14":{"start":{"line":18,"column":19},"end":{"line":18,"column":87}},"15":{"start":{"line":19,"column":4},"end":{"line":19,"column":87}},"16":{"start":{"line":19,"column":19},"end":{"line":19,"column":87}},"17":{"start":{"line":20,"column":4},"end":{"line":20,"column":68}},"18":{"start":{"line":20,"column":24},"end":{"line":20,"column":68}},"19":{"start":{"line":21,"column":4},"end":{"line":21,"column":56}},"20":{"start":{"line":21,"column":20},"end":{"line":21,"column":56}},"21":{"start":{"line":23,"column":4},"end":{"line":23,"column":90}},"22":{"start":{"line":25,"column":4},"end":{"line":25,"column":16}},"23":{"start":{"line":29,"column":21},"end":{"line":37,"column":1}},"24":{"start":{"line":30,"column":2},"end":{"line":36,"column":3}},"25":{"start":{"line":31,"column":24},"end":{"line":31,"column":38}},"26":{"start":{"line":33,"column":4},"end":{"line":33,"column":70}},"27":{"start":{"line":35,"column":4},"end":{"line":35,"column":16}},"28":{"start":{"line":39,"column":15},"end":{"line":47,"column":1}},"29":{"start":{"line":40,"column":2},"end":{"line":46,"column":3}},"30":{"start":{"line":41,"column":4},"end":{"line":41,"column":90}},"31":{"start":{"line":43,"column":4},"end":{"line":43,"column":81}},"32":{"start":{"line":45,"column":4},"end":{"line":45,"column":16}},"33":{"start":{"line":49,"column":19},"end":{"line":59,"column":1}},"34":{"start":{"line":50,"column":2},"end":{"line":58,"column":3}},"35":{"start":{"line":51,"column":24},"end":{"line":51,"column":38}},"36":{"start":{"line":53,"column":4},"end":{"line":55,"column":7}},"37":{"start":{"line":57,"column":4},"end":{"line":57,"column":16}},"38":{"start":{"line":61,"column":19},"end":{"line":71,"column":1}},"39":{"start":{"line":62,"column":2},"end":{"line":70,"column":3}},"40":{"start":{"line":63,"column":24},"end":{"line":63,"column":38}},"41":{"start":{"line":65,"column":20},"end":{"line":65,"column":78}},"42":{"start":{"line":67,"column":4},"end":{"line":67,"column":19}},"43":{"start":{"line":69,"column":4},"end":{"line":69,"column":16}},"44":{"start":{"line":73,"column":0},"end":{"line":79,"column":2}}},"fnMap":{"0":{"name":"(anonymous_0)","decl":{"start":{"line":5,"column":17},"end":{"line":5,"column":18}},"loc":{"start":{"line":8,"column":5},"end":{"line":27,"column":1}},"line":8},"1":{"name":"(anonymous_1)","decl":{"start":{"line":29,"column":21},"end":{"line":29,"column":22}},"loc":{"start":{"line":29,"column":43},"end":{"line":37,"column":1}},"line":29},"2":{"name":"(anonymous_2)","decl":{"start":{"line":39,"column":15},"end":{"line":39,"column":16}},"loc":{"start":{"line":39,"column":54},"end":{"line":47,"column":1}},"line":39},"3":{"name":"(anonymous_3)","decl":{"start":{"line":49,"column":19},"end":{"line":49,"column":20}},"loc":{"start":{"line":49,"column":62},"end":{"line":59,"column":1}},"line":49},"4":{"name":"(anonymous_4)","decl":{"start":{"line":61,"column":19},"end":{"line":61,"column":20}},"loc":{"start":{"line":61,"column":41},"end":{"line":71,"column":1}},"line":61}},"branchMap":{"0":{"loc":{"start":{"line":15,"column":4},"end":{"line":15,"column":77}},"type":"if","locations":[{"start":{"line":15,"column":4},"end":{"line":15,"column":77}},{"start":{},"end":{}}],"line":15},"1":{"loc":{"start":{"line":16,"column":4},"end":{"line":16,"column":71}},"type":"if","locations":[{"start":{"line":16,"column":4},"end":{"line":16,"column":71}},{"start":{},"end":{}}],"line":16},"2":{"loc":{"start":{"line":17,"column":4},"end":{"line":17,"column":59}},"type":"if","locations":[{"start":{"line":17,"column":4},"end":{"line":17,"column":59}},{"start":{},"end":{}}],"line":17},"3":{"loc":{"start":{"line":18,"column":4},"end":{"line":18,"column":87}},"type":"if","locations":[{"start":{"line":18,"column":4},"end":{"line":18,"column":87}},{"start":{},"end":{}}],"line":18},"4":{"loc":{"start":{"line":19,"column":4},"end":{"line":19,"column":87}},"type":"if","locations":[{"start":{"line":19,"column":4},"end":{"line":19,"column":87}},{"start":{},"end":{}}],"line":19},"5":{"loc":{"start":{"line":20,"column":4},"end":{"line":20,"column":68}},"type":"if","locations":[{"start":{"line":20,"column":4},"end":{"line":20,"column":68}},{"start":{},"end":{}}],"line":20},"6":{"loc":{"start":{"line":21,"column":4},"end":{"line":21,"column":56}},"type":"if","locations":[{"start":{"line":21,"column":4},"end":{"line":21,"column":56}},{"start":{},"end":{}}],"line":21}},"s":{"0":12,"1":12,"2":12,"3":12,"4":6,"5":6,"6":6,"7":6,"8":0,"9":6,"10":1,"11":6,"12":1,"13":6,"14":1,"15":6,"16":1,"17":6,"18":0,"19":6,"20":1,"21":6,"22":0,"23":12,"24":1,"25":1,"26":1,"27":0,"28":12,"29":2,"30":2,"31":2,"32":0,"33":12,"34":1,"35":1,"36":1,"37":0,"38":12,"39":1,"40":1,"41":1,"42":1,"43":0,"44":12},"f":{"0":6,"1":1,"2":2,"3":1,"4":1},"b":{"0":[0,6],"1":[1,5],"2":[1,5],"3":[1,5],"4":[1,5],"5":[0,6],"6":[1,5]},"_coverageSchema":"1a1c01bbd47fc00a2c39e90264f33305004495a9","hash":"de7bc8870b3bae86c8c2f2e259d718c41716ed37"}
,"C:\\Users\\james\\Documents\\Apps\\smart_saver\\server\\src\\utils\\authUtils.js": {"path":"C:\\Users\\james\\Documents\\Apps\\smart_saver\\server\\src\\utils\\authUtils.js","statementMap":{"0":{"start":{"line":1,"column":12},"end":{"line":1,"column":35}},"1":{"start":{"line":2,"column":15},"end":{"line":2,"column":32}},"2":{"start":{"line":4,"column":22},"end":{"line":4,"column":49}},"3":{"start":{"line":6,"column":21},"end":{"line":6,"column":25}},"4":{"start":{"line":8,"column":26},"end":{"line":13,"column":1}},"5":{"start":{"line":16,"column":26},"end":{"line":26,"column":1}},"6":{"start":{"line":17,"column":2},"end":{"line":25,"column":3}},"7":{"start":{"line":18,"column":22},"end":{"line":20,"column":6}},"8":{"start":{"line":22,"column":4},"end":{"line":22,"column":21}},"9":{"start":{"line":24,"column":4},"end":{"line":24,"column":53}},"10":{"start":{"line":28,"column":23},"end":{"line":30,"column":1}},"11":{"start":{"line":29,"column":2},"end":{"line":29,"column":54}},"12":{"start":{"line":32,"column":21},"end":{"line":36,"column":1}},"13":{"start":{"line":33,"column":21},"end":{"line":33,"column":23}},"14":{"start":{"line":34,"column":25},"end":{"line":34,"column":64}},"15":{"start":{"line":35,"column":2},"end":{"line":35,"column":24}},"16":{"start":{"line":38,"column":0},"end":{"line":43,"column":2}}},"fnMap":{"0":{"name":"(anonymous_0)","decl":{"start":{"line":16,"column":26},"end":{"line":16,"column":27}},"loc":{"start":{"line":16,"column":45},"end":{"line":26,"column":1}},"line":16},"1":{"name":"(anonymous_1)","decl":{"start":{"line":28,"column":23},"end":{"line":28,"column":24}},"loc":{"start":{"line":28,"column":57},"end":{"line":30,"column":1}},"line":28},"2":{"name":"(anonymous_2)","decl":{"start":{"line":32,"column":21},"end":{"line":32,"column":22}},"loc":{"start":{"line":32,"column":41},"end":{"line":36,"column":1}},"line":32}},"branchMap":{},"s":{"0":13,"1":13,"2":13,"3":13,"4":13,"5":13,"6":16,"7":16,"8":16,"9":0,"10":13,"11":18,"12":13,"13":19,"14":19,"15":19,"16":13},"f":{"0":16,"1":18,"2":19},"b":{},"_coverageSchema":"1a1c01bbd47fc00a2c39e90264f33305004495a9","hash":"f37986e077a6e119c92cb70564ee8207524641ac"}
,"C:\\Users\\james\\Documents\\Apps\\smart_saver\\server\\src\\utils\\customErrorUtils.js": {"path":"C:\\Users\\james\\Documents\\Apps\\smart_saver\\server\\src\\utils\\customErrorUtils.js","statementMap":{"0":{"start":{"line":3,"column":4},"end":{"line":3,"column":19}},"1":{"start":{"line":4,"column":4},"end":{"line":4,"column":21}},"2":{"start":{"line":5,"column":4},"end":{"line":5,"column":33}},"3":{"start":{"line":6,"column":4},"end":{"line":6,"column":39}},"4":{"start":{"line":7,"column":4},"end":{"line":7,"column":69}},"5":{"start":{"line":8,"column":4},"end":{"line":8,"column":30}},"6":{"start":{"line":10,"column":4},"end":{"line":10,"column":52}},"7":{"start":{"line":16,"column":4},"end":{"line":16,"column":45}},"8":{"start":{"line":22,"column":4},"end":{"line":22,"column":45}},"9":{"start":{"line":28,"column":4},"end":{"line":28,"column":37}},"10":{"start":{"line":34,"column":4},"end":{"line":34,"column":45}},"11":{"start":{"line":40,"column":4},"end":{"line":40,"column":30}},"12":{"start":{"line":46,"column":4},"end":{"line":46,"column":45}},"13":{"start":{"line":52,"column":4},"end":{"line":52,"column":45}},"14":{"start":{"line":58,"column":4},"end":{"line":58,"column":45}},"15":{"start":{"line":62,"column":27},"end":{"line":67,"column":1}},"16":{"start":{"line":64,"column":2},"end":{"line":66,"column":3}},"17":{"start":{"line":65,"column":4},"end":{"line":65,"column":16}},"18":{"start":{"line":69,"column":0},"end":{"line":80,"column":2}}},"fnMap":{"0":{"name":"(anonymous_0)","decl":{"start":{"line":2,"column":2},"end":{"line":2,"column":3}},"loc":{"start":{"line":2,"column":56},"end":{"line":11,"column":3}},"line":2},"1":{"name":"(anonymous_1)","decl":{"start":{"line":15,"column":2},"end":{"line":15,"column":3}},"loc":{"start":{"line":15,"column":60},"end":{"line":17,"column":3}},"line":15},"2":{"name":"(anonymous_2)","decl":{"start":{"line":21,"column":2},"end":{"line":21,"column":3}},"loc":{"start":{"line":21,"column":61},"end":{"line":23,"column":3}},"line":21},"3":{"name":"(anonymous_3)","decl":{"start":{"line":27,"column":2},"end":{"line":27,"column":3}},"loc":{"start":{"line":27,"column":47},"end":{"line":29,"column":3}},"line":27},"4":{"name":"(anonymous_4)","decl":{"start":{"line":33,"column":2},"end":{"line":33,"column":3}},"loc":{"start":{"line":33,"column":58},"end":{"line":35,"column":3}},"line":33},"5":{"name":"(anonymous_5)","decl":{"start":{"line":39,"column":2},"end":{"line":39,"column":3}},"loc":{"start":{"line":39,"column":55},"end":{"line":41,"column":3}},"line":39},"6":{"name":"(anonymous_6)","decl":{"start":{"line":45,"column":2},"end":{"line":45,"column":3}},"loc":{"start":{"line":45,"column":72},"end":{"line":47,"column":3}},"line":45},"7":{"name":"(anonymous_7)","decl":{"start":{"line":51,"column":2},"end":{"line":51,"column":3}},"loc":{"start":{"line":51,"column":96},"end":{"line":53,"column":3}},"line":51},"8":{"name":"(anonymous_8)","decl":{"start":{"line":57,"column":2},"end":{"line":57,"column":3}},"loc":{"start":{"line":57,"column":88},"end":{"line":59,"column":3}},"line":57},"9":{"name":"(anonymous_9)","decl":{"start":{"line":62,"column":27},"end":{"line":62,"column":28}},"loc":{"start":{"line":62,"column":38},"end":{"line":67,"column":1}},"line":62}},"branchMap":{"0":{"loc":{"start":{"line":7,"column":18},"end":{"line":7,"column":68}},"type":"cond-expr","locations":[{"start":{"line":7,"column":52},"end":{"line":7,"column":58}},{"start":{"line":7,"column":61},"end":{"line":7,"column":68}}],"line":7},"1":{"loc":{"start":{"line":15,"column":14},"end":{"line":15,"column":37}},"type":"default-arg","locations":[{"start":{"line":15,"column":24},"end":{"line":15,"column":37}}],"line":15},"2":{"loc":{"start":{"line":21,"column":14},"end":{"line":21,"column":38}},"type":"default-arg","locations":[{"start":{"line":21,"column":24},"end":{"line":21,"column":38}}],"line":21},"3":{"loc":{"start":{"line":27,"column":29},"end":{"line":27,"column":45}},"type":"default-arg","locations":[{"start":{"line":27,"column":42},"end":{"line":27,"column":45}}],"line":27},"4":{"loc":{"start":{"line":33,"column":14},"end":{"line":33,"column":35}},"type":"default-arg","locations":[{"start":{"line":33,"column":24},"end":{"line":33,"column":35}}],"line":33},"5":{"loc":{"start":{"line":39,"column":14},"end":{"line":39,"column":47}},"type":"default-arg","locations":[{"start":{"line":39,"column":24},"end":{"line":39,"column":47}}],"line":39},"6":{"loc":{"start":{"line":45,"column":14},"end":{"line":45,"column":35}},"type":"default-arg","locations":[{"start":{"line":45,"column":24},"end":{"line":45,"column":35}}],"line":45},"7":{"loc":{"start":{"line":45,"column":37},"end":{"line":45,"column":55}},"type":"default-arg","locations":[{"start":{"line":45,"column":44},"end":{"line":45,"column":55}}],"line":45},"8":{"loc":{"start":{"line":51,"column":14},"end":{"line":51,"column":47}},"type":"default-arg","locations":[{"start":{"line":51,"column":24},"end":{"line":51,"column":47}}],"line":51},"9":{"loc":{"start":{"line":51,"column":49},"end":{"line":51,"column":79}},"type":"default-arg","locations":[{"start":{"line":51,"column":56},"end":{"line":51,"column":79}}],"line":51},"10":{"loc":{"start":{"line":57,"column":14},"end":{"line":57,"column":43}},"type":"default-arg","locations":[{"start":{"line":57,"column":24},"end":{"line":57,"column":43}}],"line":57},"11":{"loc":{"start":{"line":57,"column":45},"end":{"line":57,"column":71}},"type":"default-arg","locations":[{"start":{"line":57,"column":52},"end":{"line":57,"column":71}}],"line":57},"12":{"loc":{"start":{"line":64,"column":2},"end":{"line":66,"column":3}},"type":"if","locations":[{"start":{"line":64,"column":2},"end":{"line":66,"column":3}},{"start":{},"end":{}}],"line":64}},"s":{"0":9,"1":9,"2":9,"3":9,"4":9,"5":9,"6":9,"7":8,"8":0,"9":0,"10":0,"11":0,"12":0,"13":0,"14":1,"15":14,"16":0,"17":0,"18":14},"f":{"0":9,"1":8,"2":0,"3":0,"4":0,"5":0,"6":0,"7":0,"8":1,"9":0},"b":{"0":[9,0],"1":[0],"2":[0],"3":[0],"4":[0],"5":[0],"6":[0],"7":[0],"8":[0],"9":[0],"10":[1],"11":[1],"12":[0,0]},"_coverageSchema":"1a1c01bbd47fc00a2c39e90264f33305004495a9","hash":"f51f962f8e629dfc9487950623d84b3a9bad7f38"}
,"C:\\Users\\james\\Documents\\Apps\\smart_saver\\server\\src\\utils\\loggerUtils.js": {"path":"C:\\Users\\james\\Documents\\Apps\\smart_saver\\server\\src\\utils\\loggerUtils.js","statementMap":{"0":{"start":{"line":1,"column":16},"end":{"line":1,"column":34}},"1":{"start":{"line":3,"column":26},"end":{"line":9,"column":2}},"2":{"start":{"line":10,"column":26},"end":{"line":16,"column":2}},"3":{"start":{"line":17,"column":30},"end":{"line":23,"column":2}},"4":{"start":{"line":24,"column":30},"end":{"line":30,"column":2}},"5":{"start":{"line":32,"column":0},"end":{"line":37,"column":2}}},"fnMap":{},"branchMap":{},"s":{"0":13,"1":13,"2":13,"3":13,"4":13,"5":13},"f":{},"b":{},"_coverageSchema":"1a1c01bbd47fc00a2c39e90264f33305004495a9","hash":"9244fe11826778758db409f8d49571ebf0a7c529"}
,"C:\\Users\\james\\Documents\\Apps\\smart_saver\\server\\src\\utils\\sanitizeUtils.js": {"path":"C:\\Users\\james\\Documents\\Apps\\smart_saver\\server\\src\\utils\\sanitizeUtils.js","statementMap":{"0":{"start":{"line":1,"column":18},"end":{"line":1,"column":38}},"1":{"start":{"line":3,"column":23},"end":{"line":8,"column":1}},"2":{"start":{"line":4,"column":2},"end":{"line":6,"column":3}},"3":{"start":{"line":5,"column":4},"end":{"line":5,"column":52}},"4":{"start":{"line":7,"column":2},"end":{"line":7,"column":33}},"5":{"start":{"line":10,"column":23},"end":{"line":20,"column":1}},"6":{"start":{"line":11,"column":24},"end":{"line":11,"column":26}},"7":{"start":{"line":12,"column":2},"end":{"line":18,"column":3}},"8":{"start":{"line":13,"column":4},"end":{"line":17,"column":5}},"9":{"start":{"line":14,"column":6},"end":{"line":14,"column":52}},"10":{"start":{"line":16,"column":6},"end":{"line":16,"column":36}},"11":{"start":{"line":19,"column":2},"end":{"line":19,"column":23}},"12":{"start":{"line":22,"column":22},"end":{"line":24,"column":1}},"13":{"start":{"line":23,"column":2},"end":{"line":23,"column":35}},"14":{"start":{"line":26,"column":0},"end":{"line":29,"column":2}}},"fnMap":{"0":{"name":"(anonymous_0)","decl":{"start":{"line":3,"column":23},"end":{"line":3,"column":24}},"loc":{"start":{"line":3,"column":34},"end":{"line":8,"column":1}},"line":3},"1":{"name":"(anonymous_1)","decl":{"start":{"line":10,"column":23},"end":{"line":10,"column":24}},"loc":{"start":{"line":10,"column":32},"end":{"line":20,"column":1}},"line":10},"2":{"name":"(anonymous_2)","decl":{"start":{"line":22,"column":22},"end":{"line":22,"column":23}},"loc":{"start":{"line":22,"column":32},"end":{"line":24,"column":1}},"line":22}},"branchMap":{"0":{"loc":{"start":{"line":4,"column":2},"end":{"line":6,"column":3}},"type":"if","locations":[{"start":{"line":4,"column":2},"end":{"line":6,"column":3}},{"start":{},"end":{}}],"line":4},"1":{"loc":{"start":{"line":13,"column":4},"end":{"line":17,"column":5}},"type":"if","locations":[{"start":{"line":13,"column":4},"end":{"line":17,"column":5}},{"start":{"line":15,"column":11},"end":{"line":17,"column":5}}],"line":13}},"s":{"0":13,"1":13,"2":123,"3":1,"4":122,"5":13,"6":64,"7":64,"8":155,"9":123,"10":32,"11":63,"12":13,"13":17,"14":13},"f":{"0":123,"1":64,"2":17},"b":{"0":[1,122],"1":[123,32]},"_coverageSchema":"1a1c01bbd47fc00a2c39e90264f33305004495a9","hash":"da1ebbaaf8495bdf051102eac7de9756e369e200"}
}
