TN:
SF:__tests__\testHelpers.js
FN:8,(anonymous_0)
FN:29,(anonymous_1)
FN:35,(anonymous_2)
FN:39,(anonymous_3)
FNF:4
FNH:4
FNDA:14,(anonymous_0)
FNDA:11,(anonymous_1)
FNDA:2,(anonymous_2)
FNDA:2,(anonymous_3)
DA:1,11
DA:2,11
DA:3,11
DA:4,11
DA:5,11
DA:6,11
DA:8,11
DA:9,14
DA:10,14
DA:16,14
DA:18,14
DA:21,14
DA:26,14
DA:29,11
DA:30,11
DA:35,11
DA:36,2
DA:39,11
DA:40,2
DA:43,11
LF:20
LH:20
BRF:0
BRH:0
end_of_record
TN:
SF:src\app.js
FN:34,(anonymous_0)
FNF:1
FNH:0
FNDA:0,(anonymous_0)
DA:1,12
DA:2,12
DA:3,12
DA:4,12
DA:5,12
DA:6,12
DA:7,12
DA:8,12
DA:9,12
DA:11,12
DA:14,12
DA:17,12
DA:18,12
DA:19,12
DA:20,12
DA:21,12
DA:24,12
DA:25,12
DA:26,12
DA:27,12
DA:28,12
DA:29,12
DA:30,12
DA:31,12
DA:34,12
DA:37,12
DA:39,12
LF:27
LH:27
BRF:0
BRH:0
end_of_record
TN:
SF:src\api-schemas\categoryApiSchema.js
FNF:0
FNH:0
DA:1,12
DA:12,12
DA:20,12
LF:3
LH:3
BRF:0
BRH:0
end_of_record
TN:
SF:src\api-schemas\moneyPotApiSchema.js
FNF:0
FNH:0
DA:1,12
DA:24,12
LF:2
LH:2
BRF:0
BRH:0
end_of_record
TN:
SF:src\api-schemas\scheduledTransactionApiSchema.js
FNF:0
FNH:0
DA:1,12
DA:36,12
DA:49,12
LF:3
LH:3
BRF:0
BRH:0
end_of_record
TN:
SF:src\api-schemas\sessionApiSchema.js
FNF:0
FNH:0
DA:1,12
DA:17,12
LF:2
LH:2
BRF:0
BRH:0
end_of_record
TN:
SF:src\api-schemas\transactionApiSchema.js
FNF:0
FNH:0
DA:1,12
DA:16,12
DA:41,12
LF:3
LH:3
BRF:0
BRH:0
end_of_record
TN:
SF:src\api-schemas\userApiSchema.js
FNF:0
FNH:0
DA:1,12
DA:17,12
LF:2
LH:2
BRF:0
BRH:0
end_of_record
TN:
SF:src\config\dbConfig.js
FNF:0
FNH:0
DA:1,12
DA:2,12
DA:4,12
DA:17,12
LF:4
LH:4
BRF:0
BRH:0
end_of_record
TN:
SF:src\controllers\categoryController.js
FN:3,(anonymous_0)
FN:17,(anonymous_1)
FN:30,(anonymous_2)
FN:44,(anonymous_3)
FN:59,(anonymous_4)
FNF:5
FNH:5
FNDA:2,(anonymous_0)
FNDA:1,(anonymous_1)
FNDA:1,(anonymous_2)
FNDA:1,(anonymous_3)
FNDA:1,(anonymous_4)
DA:1,12
DA:3,12
DA:4,2
DA:5,2
DA:6,2
DA:8,2
DA:10,2
DA:12,0
DA:17,12
DA:18,1
DA:19,1
DA:20,1
DA:22,1
DA:24,1
DA:26,0
DA:30,12
DA:31,1
DA:32,1
DA:33,1
DA:35,1
DA:37,1
DA:39,0
DA:44,12
DA:45,1
DA:46,1
DA:47,1
DA:48,1
DA:50,1
DA:52,1
DA:54,0
DA:59,12
DA:60,1
DA:61,1
DA:62,1
DA:64,1
DA:66,1
DA:68,0
DA:72,12
LF:38
LH:33
BRF:0
BRH:0
end_of_record
TN:
SF:src\controllers\moneyPotController.js
FN:3,(anonymous_0)
FN:16,(anonymous_1)
FN:29,(anonymous_2)
FN:43,(anonymous_3)
FN:58,(anonymous_4)
FN:71,(anonymous_5)
FNF:6
FNH:6
FNDA:1,(anonymous_0)
FNDA:1,(anonymous_1)
FNDA:1,(anonymous_2)
FNDA:1,(anonymous_3)
FNDA:1,(anonymous_4)
FNDA:1,(anonymous_5)
DA:1,12
DA:3,12
DA:4,1
DA:5,1
DA:7,1
DA:9,1
DA:11,0
DA:16,12
DA:17,1
DA:18,1
DA:19,1
DA:21,1
DA:23,1
DA:25,0
DA:29,12
DA:30,1
DA:31,1
DA:32,1
DA:34,1
DA:36,1
DA:38,0
DA:43,12
DA:44,1
DA:45,1
DA:46,1
DA:47,1
DA:49,1
DA:51,1
DA:53,0
DA:58,12
DA:59,1
DA:60,1
DA:61,1
DA:63,1
DA:65,1
DA:67,0
DA:71,12
DA:72,1
DA:73,1
DA:74,1
DA:76,1
DA:78,1
DA:80,0
DA:84,12
LF:44
LH:38
BRF:0
BRH:0
end_of_record
TN:
SF:src\controllers\scheduledTransactionController.js
FN:3,(anonymous_0)
FN:17,(anonymous_1)
FN:30,(anonymous_2)
FN:44,(anonymous_3)
FN:59,(anonymous_4)
FNF:5
FNH:5
FNDA:6,(anonymous_0)
FNDA:1,(anonymous_1)
FNDA:2,(anonymous_2)
FNDA:1,(anonymous_3)
FNDA:1,(anonymous_4)
DA:1,12
DA:3,12
DA:4,6
DA:5,6
DA:6,6
DA:8,6
DA:10,6
DA:12,0
DA:17,12
DA:18,1
DA:19,1
DA:20,1
DA:22,1
DA:24,1
DA:26,0
DA:30,12
DA:31,2
DA:32,2
DA:33,2
DA:35,2
DA:37,2
DA:39,0
DA:44,12
DA:45,1
DA:46,1
DA:47,1
DA:48,1
DA:50,1
DA:52,1
DA:54,0
DA:59,12
DA:60,1
DA:61,1
DA:62,1
DA:64,1
DA:66,1
DA:68,0
DA:72,12
LF:38
LH:33
BRF:0
BRH:0
end_of_record
TN:
SF:src\controllers\sessionController.js
FN:4,(anonymous_0)
FN:8,(anonymous_1)
FN:23,(anonymous_2)
FNF:3
FNH:1
FNDA:0,(anonymous_0)
FNDA:15,(anonymous_1)
FNDA:0,(anonymous_2)
DA:1,12
DA:2,12
DA:4,12
DA:5,0
DA:8,12
DA:9,15
DA:10,15
DA:12,15
DA:15,15
DA:17,15
DA:19,0
DA:23,12
DA:24,0
DA:25,0
DA:28,12
LF:15
LH:11
BRF:0
BRH:0
end_of_record
TN:
SF:src\controllers\transactionController.js
FN:3,(anonymous_0)
FN:17,(anonymous_1)
FN:30,(anonymous_2)
FN:44,(anonymous_3)
FN:59,(anonymous_4)
FNF:5
FNH:5
FNDA:13,(anonymous_0)
FNDA:1,(anonymous_1)
FNDA:7,(anonymous_2)
FNDA:3,(anonymous_3)
FNDA:2,(anonymous_4)
DA:1,12
DA:3,12
DA:4,13
DA:5,13
DA:6,13
DA:8,13
DA:10,13
DA:12,0
DA:17,12
DA:18,1
DA:19,1
DA:20,1
DA:22,1
DA:24,1
DA:26,0
DA:30,12
DA:31,7
DA:32,7
DA:33,7
DA:35,7
DA:37,7
DA:39,0
DA:44,12
DA:45,3
DA:46,3
DA:47,3
DA:48,3
DA:50,3
DA:52,3
DA:54,0
DA:59,12
DA:60,2
DA:61,2
DA:62,2
DA:64,2
DA:66,2
DA:68,0
DA:72,12
LF:38
LH:33
BRF:0
BRH:0
end_of_record
TN:
SF:src\controllers\userController.js
FN:5,createUser
FN:22,(anonymous_1)
FN:33,(anonymous_2)
FN:46,(anonymous_3)
FNF:4
FNH:1
FNDA:1,createUser
FNDA:0,(anonymous_1)
FNDA:0,(anonymous_2)
FNDA:0,(anonymous_3)
DA:1,12
DA:2,12
DA:3,12
DA:6,1
DA:7,1
DA:8,1
DA:11,1
DA:14,1
DA:16,1
DA:18,0
DA:22,12
DA:23,0
DA:24,0
DA:25,0
DA:27,0
DA:29,0
DA:33,12
DA:34,0
DA:35,0
DA:36,0
DA:38,0
DA:40,0
DA:42,0
DA:46,12
DA:47,0
DA:48,0
DA:50,0
DA:52,0
DA:54,0
DA:58,12
LF:30
LH:13
BRF:0
BRH:0
end_of_record
TN:
SF:src\middleware\appMiddleware.js
FN:31,(anonymous_0)
FN:39,(anonymous_1)
FN:43,(anonymous_2)
FN:60,(anonymous_3)
FNF:4
FNH:4
FNDA:1,(anonymous_0)
FNDA:71,(anonymous_1)
FNDA:71,(anonymous_2)
FNDA:6,(anonymous_3)
DA:1,13
DA:2,13
DA:3,13
DA:4,13
DA:9,13
DA:10,13
DA:11,13
DA:12,13
DA:13,13
DA:15,13
DA:17,13
DA:19,13
DA:21,13
DA:28,13
DA:33,1
DA:37,13
DA:41,71
DA:43,71
DA:44,71
DA:54,71
DA:56,71
DA:60,13
DA:61,6
DA:62,6
DA:69,6
DA:70,6
DA:77,0
DA:86,6
DA:87,6
DA:88,0
DA:89,0
DA:90,0
DA:93,6
DA:96,13
LF:34
LH:30
BRDA:61,0,0,6
BRDA:61,0,1,0
BRDA:63,1,0,6
BRDA:63,1,1,0
BRDA:64,2,0,6
BRDA:64,2,1,0
BRDA:65,3,0,6
BRDA:65,3,1,0
BRDA:69,4,0,6
BRDA:69,4,1,0
BRDA:87,5,0,0
BRDA:87,5,1,6
BRF:12
BRH:6
end_of_record
TN:
SF:src\middleware\authMiddleware.js
FN:4,(anonymous_0)
FN:9,(anonymous_1)
FNF:2
FNH:2
FNDA:55,(anonymous_0)
FNDA:55,(anonymous_1)
DA:1,12
DA:2,12
DA:4,12
DA:5,55
DA:7,55
DA:9,55
DA:10,55
DA:11,55
DA:12,55
DA:17,12
LF:10
LH:10
BRDA:7,0,0,0
BRDA:7,0,1,55
BRDA:10,1,0,0
BRDA:10,1,1,55
BRF:4
BRH:2
end_of_record
TN:
SF:src\middleware\sanitizeAndValidateMiddleware.js
FN:5,(anonymous_0)
FN:11,(anonymous_1)
FNF:2
FNH:2
FNDA:172,(anonymous_0)
FNDA:64,(anonymous_1)
DA:1,13
DA:2,13
DA:3,13
DA:5,13
DA:6,172
DA:7,172
DA:8,172
DA:9,172
DA:11,172
DA:12,64
DA:14,64
DA:16,63
DA:17,63
DA:18,56
DA:20,8
DA:21,8
DA:26,13
LF:17
LH:17
BRDA:17,0,0,7
BRDA:17,0,1,56
BRF:2
BRH:2
end_of_record
TN:
SF:src\models\CategoryModel.js
FNF:0
FNH:0
DA:1,12
DA:2,12
DA:3,12
DA:5,12
DA:33,12
DA:38,12
LF:6
LH:6
BRF:0
BRH:0
end_of_record
TN:
SF:src\models\MoneyPotModel.js
FNF:0
FNH:0
DA:1,12
DA:2,12
DA:3,12
DA:5,12
DA:33,12
DA:38,12
LF:6
LH:6
BRF:0
BRH:0
end_of_record
TN:
SF:src\models\ScheduledTransactionModel.js
FNF:0
FNH:0
DA:1,12
DA:2,12
DA:3,12
DA:4,12
DA:6,12
DA:88,12
DA:93,12
DA:98,12
LF:8
LH:8
BRF:0
BRH:0
end_of_record
TN:
SF:src\models\TransactionModel.js
FNF:0
FNH:0
DA:1,12
DA:2,12
DA:3,12
DA:4,12
DA:5,12
DA:6,12
DA:8,12
DA:77,12
DA:82,12
DA:87,12
DA:92,12
DA:97,12
LF:12
LH:12
BRF:0
BRH:0
end_of_record
TN:
SF:src\models\UserModel.js
FNF:0
FNH:0
DA:2,12
DA:3,12
DA:5,12
DA:25,12
LF:4
LH:4
BRF:0
BRH:0
end_of_record
TN:
SF:src\routes\categoryRoutes.js
FNF:0
FNH:0
DA:1,12
DA:2,12
DA:9,12
DA:10,12
DA:11,12
DA:14,12
DA:17,12
DA:20,12
DA:23,12
DA:26,12
DA:28,12
LF:11
LH:11
BRF:0
BRH:0
end_of_record
TN:
SF:src\routes\moneyPotRoutes.js
FNF:0
FNH:0
DA:1,12
DA:2,12
DA:10,12
DA:11,12
DA:12,12
DA:15,12
DA:18,12
DA:21,12
DA:24,12
DA:27,12
DA:30,12
DA:36,12
LF:12
LH:12
BRF:0
BRH:0
end_of_record
TN:
SF:src\routes\scheduledTransactionRoutes.js
FNF:0
FNH:0
DA:1,12
DA:2,12
DA:9,12
DA:10,12
DA:11,12
DA:14,12
DA:17,12
DA:20,12
DA:23,12
DA:26,12
DA:28,12
LF:11
LH:11
BRF:0
BRH:0
end_of_record
TN:
SF:src\routes\sessionRoutes.js
FNF:0
FNH:0
DA:1,12
DA:2,12
DA:3,12
DA:4,12
DA:5,12
DA:6,12
DA:10,12
DA:13,12
DA:16,12
DA:18,12
LF:10
LH:10
BRF:0
BRH:0
end_of_record
TN:
SF:src\routes\transactionRoutes.js
FNF:0
FNH:0
DA:1,12
DA:2,12
DA:9,12
DA:10,12
DA:11,12
DA:14,12
DA:17,12
DA:20,12
DA:23,12
DA:26,12
DA:28,12
LF:11
LH:11
BRF:0
BRH:0
end_of_record
TN:
SF:src\routes\userRoutes.js
FNF:0
FNH:0
DA:1,12
DA:2,12
DA:3,12
DA:4,12
DA:5,12
DA:6,12
DA:9,12
DA:12,12
DA:15,12
DA:18,12
DA:20,12
LF:11
LH:11
BRF:0
BRH:0
end_of_record
TN:
SF:src\services\categoryService.js
FN:4,(anonymous_0)
FN:17,(anonymous_1)
FN:33,(anonymous_2)
FN:42,(anonymous_3)
FN:60,(anonymous_4)
FNF:5
FNH:5
FNDA:2,(anonymous_0)
FNDA:1,(anonymous_1)
FNDA:1,(anonymous_2)
FNDA:1,(anonymous_3)
FNDA:1,(anonymous_4)
DA:1,12
DA:2,12
DA:4,12
DA:5,2
DA:6,2
DA:7,2
DA:9,2
DA:11,2
DA:13,0
DA:17,12
DA:18,1
DA:19,1
DA:21,1
DA:23,1
DA:24,0
DA:27,1
DA:29,0
DA:33,12
DA:34,1
DA:35,1
DA:36,1
DA:38,0
DA:42,12
DA:43,1
DA:44,1
DA:46,1
DA:50,1
DA:51,0
DA:54,1
DA:56,0
DA:60,12
DA:61,1
DA:62,1
DA:64,1
DA:66,1
DA:67,0
DA:70,1
DA:72,0
DA:76,12
LF:39
LH:31
BRDA:7,0,0,1
BRDA:7,0,1,1
BRDA:23,1,0,0
BRDA:23,1,1,1
BRDA:50,2,0,0
BRDA:50,2,1,1
BRDA:50,3,0,1
BRDA:50,3,1,1
BRDA:66,4,0,0
BRDA:66,4,1,1
BRF:10
BRH:7
end_of_record
TN:
SF:src\services\moneyPotService.js
FN:6,(anonymous_0)
FN:21,(anonymous_1)
FN:34,(anonymous_2)
FN:43,(anonymous_3)
FN:58,(anonymous_4)
FN:73,(anonymous_5)
FN:75,(anonymous_6)
FN:115,(anonymous_7)
FNF:8
FNH:8
FNDA:1,(anonymous_0)
FNDA:11,(anonymous_1)
FNDA:1,(anonymous_2)
FNDA:1,(anonymous_3)
FNDA:1,(anonymous_4)
FNDA:1,(anonymous_5)
FNDA:1,(anonymous_6)
FNDA:14,(anonymous_7)
DA:1,12
DA:2,12
DA:3,12
DA:4,12
DA:6,12
DA:7,1
DA:8,1
DA:9,1
DA:13,1
DA:15,1
DA:17,0
DA:21,12
DA:22,11
DA:23,11
DA:25,11
DA:26,0
DA:28,11
DA:30,0
DA:34,12
DA:35,1
DA:36,1
DA:37,1
DA:39,0
DA:43,12
DA:44,1
DA:45,1
DA:46,1
DA:48,1
DA:49,0
DA:52,1
DA:54,0
DA:58,12
DA:59,1
DA:60,1
DA:61,1
DA:63,1
DA:64,0
DA:67,1
DA:69,0
DA:73,12
DA:74,1
DA:75,1
DA:76,1
DA:77,1
DA:79,1
DA:80,0
DA:83,1
DA:84,0
DA:87,1
DA:89,1
DA:100,1
DA:106,1
DA:107,1
DA:109,1
DA:111,0
DA:115,12
DA:116,14
DA:117,14
DA:119,13
DA:121,13
DA:122,0
DA:125,13
DA:126,13
DA:128,13
DA:129,13
DA:130,13
DA:131,13
DA:132,13
DA:134,13
DA:135,10
DA:136,6
DA:138,4
DA:140,3
DA:141,3
DA:144,3
DA:145,1
DA:147,2
DA:149,3
DA:151,0
DA:154,13
DA:156,0
DA:160,12
LF:82
LH:68
BRDA:25,0,0,0
BRDA:25,0,1,11
BRDA:48,1,0,0
BRDA:48,1,1,1
BRDA:48,2,0,1
BRDA:48,2,1,1
BRDA:63,3,0,0
BRDA:63,3,1,1
BRDA:79,4,0,0
BRDA:79,4,1,1
BRDA:79,5,0,1
BRDA:79,5,1,1
BRDA:83,6,0,0
BRDA:83,6,1,1
BRDA:117,7,0,1
BRDA:117,7,1,13
BRDA:121,8,0,0
BRDA:121,8,1,13
BRDA:134,9,0,10
BRDA:134,9,1,3
BRDA:134,10,0,13
BRDA:134,10,1,4
BRDA:135,11,0,6
BRDA:135,11,1,4
BRDA:135,12,0,10
BRDA:135,12,1,3
BRDA:135,12,2,10
BRDA:135,12,3,7
BRDA:140,13,0,3
BRDA:140,13,1,0
BRDA:144,14,0,1
BRDA:144,14,1,2
BRDA:145,15,0,1
BRDA:145,15,1,0
BRDA:147,16,0,0
BRDA:147,16,1,2
BRF:36
BRH:27
end_of_record
TN:
SF:src\services\sessionService.js
FN:6,(anonymous_0)
FNF:1
FNH:1
FNDA:16,(anonymous_0)
DA:1,12
DA:2,12
DA:3,12
DA:4,12
DA:6,12
DA:7,16
DA:8,16
DA:9,16
DA:11,16
DA:12,0
DA:15,16
DA:16,16
DA:17,0
DA:20,16
DA:21,16
DA:23,0
DA:27,12
LF:17
LH:14
BRDA:11,0,0,0
BRDA:11,0,1,16
BRDA:16,1,0,0
BRDA:16,1,1,16
BRF:4
BRH:2
end_of_record
TN:
SF:src\services\transactionService.js
FN:6,(anonymous_0)
FN:70,(anonymous_1)
FN:86,(anonymous_2)
FN:101,(anonymous_3)
FN:119,(anonymous_4)
FNF:5
FNH:5
FNDA:13,(anonymous_0)
FNDA:1,(anonymous_1)
FNDA:7,(anonymous_2)
FNDA:3,(anonymous_3)
FNDA:2,(anonymous_4)
DA:1,12
DA:2,12
DA:3,12
DA:4,12
DA:6,12
DA:7,13
DA:21,13
DA:23,13
DA:24,13
DA:26,13
DA:27,13
DA:28,13
DA:29,13
DA:30,13
DA:31,13
DA:32,13
DA:33,13
DA:35,13
DA:36,11
DA:40,2
DA:41,1
DA:46,1
DA:47,1
DA:53,13
DA:54,13
DA:55,13
DA:57,13
DA:64,13
DA:66,0
DA:70,12
DA:71,1
DA:72,1
DA:74,1
DA:76,1
DA:77,0
DA:80,1
DA:82,0
DA:86,12
DA:87,7
DA:88,7
DA:89,7
DA:90,7
DA:91,0
DA:93,7
DA:94,7
DA:95,7
DA:97,0
DA:101,12
DA:102,3
DA:103,3
DA:104,3
DA:105,3
DA:106,0
DA:109,3
DA:110,3
DA:111,3
DA:112,3
DA:113,3
DA:115,0
DA:119,12
DA:120,2
DA:121,2
DA:122,2
DA:123,2
DA:124,2
DA:125,2
DA:127,0
DA:131,12
LF:68
LH:60
BRDA:26,0,0,1
BRDA:26,0,1,12
BRDA:27,1,0,3
BRDA:27,1,1,10
BRDA:27,2,0,13
BRDA:27,2,1,3
BRDA:28,3,0,0
BRDA:28,3,1,13
BRDA:29,4,0,2
BRDA:29,4,1,11
BRDA:30,5,0,1
BRDA:30,5,1,12
BRDA:31,6,0,1
BRDA:31,6,1,12
BRDA:32,7,0,2
BRDA:32,7,1,11
BRDA:33,8,0,2
BRDA:33,8,1,11
BRDA:35,9,0,11
BRDA:35,9,1,2
BRDA:40,10,0,1
BRDA:40,10,1,1
BRDA:42,11,0,1
BRDA:42,11,1,0
BRDA:46,12,0,1
BRDA:46,12,1,0
BRDA:48,13,0,1
BRDA:48,13,1,0
BRDA:53,14,0,13
BRDA:53,14,1,13
BRDA:76,15,0,0
BRDA:76,15,1,1
BRDA:90,16,0,0
BRDA:90,16,1,7
BRDA:90,17,0,7
BRDA:90,17,1,0
BRDA:105,18,0,0
BRDA:105,18,1,3
BRDA:105,19,0,3
BRDA:105,19,1,0
BRF:40
BRH:31
end_of_record
TN:
SF:src\services\userService.js
FN:5,(anonymous_0)
FN:22,(anonymous_1)
FN:31,(anonymous_2)
FN:43,(anonymous_3)
FNF:4
FNH:1
FNDA:1,(anonymous_0)
FNDA:0,(anonymous_1)
FNDA:0,(anonymous_2)
FNDA:0,(anonymous_3)
DA:1,12
DA:2,12
DA:3,12
DA:5,12
DA:6,1
DA:7,1
DA:8,1
DA:9,1
DA:12,1
DA:13,1
DA:15,1
DA:16,1
DA:18,0
DA:22,12
DA:23,0
DA:24,0
DA:25,0
DA:27,0
DA:31,12
DA:32,0
DA:33,0
DA:35,0
DA:37,0
DA:39,0
DA:43,12
DA:44,0
DA:45,0
DA:46,0
DA:48,0
DA:51,12
LF:30
LH:16
BRDA:13,0,0,0
BRDA:13,0,1,1
BRF:2
BRH:1
end_of_record
TN:
SF:src\services\scheduledTransaction\createTransactionsForToday.js
FN:7,createTransactionsForToday
FNF:1
FNH:1
FNDA:3,createTransactionsForToday
DA:1,1
DA:2,1
DA:3,1
DA:4,1
DA:5,1
DA:8,3
DA:10,3
DA:11,3
DA:14,3
DA:21,3
DA:22,1
DA:24,1
DA:35,1
DA:36,0
DA:43,0
DA:50,1
DA:56,1
LF:17
LH:15
BRF:0
BRH:0
end_of_record
TN:
SF:src\services\scheduledTransaction\getNextTransactionDate.js
FN:1,getNextTransactionDate
FNF:1
FNH:1
FNDA:10,getNextTransactionDate
DA:2,10
DA:3,10
DA:4,10
DA:6,10
DA:7,0
DA:10,10
DA:12,2
DA:13,2
DA:15,1
DA:16,1
DA:17,1
DA:18,1
DA:19,1
DA:21,1
DA:22,1
DA:23,1
DA:25,1
DA:26,1
DA:27,1
DA:29,1
DA:30,1
DA:31,1
DA:33,2
DA:34,2
DA:35,2
DA:36,2
DA:38,2
DA:40,8
DA:43,13
LF:29
LH:28
BRDA:3,0,0,8
BRDA:3,0,1,2
BRDA:6,1,0,0
BRDA:6,1,1,10
BRDA:10,2,0,2
BRDA:10,2,1,1
BRDA:10,2,2,1
BRDA:10,2,3,1
BRDA:10,2,4,1
BRDA:10,2,5,2
BRDA:10,2,6,2
BRDA:22,3,0,1
BRDA:22,3,1,0
BRDA:26,4,0,1
BRDA:26,4,1,0
BRDA:30,5,0,1
BRDA:30,5,1,0
BRDA:34,6,0,2
BRDA:34,6,1,1
BRDA:35,7,0,2
BRDA:35,7,1,1
BRF:21
BRH:17
end_of_record
TN:
SF:src\services\scheduledTransaction\scheduledTransactionService.js
FN:5,(anonymous_0)
FN:29,(anonymous_1)
FN:39,(anonymous_2)
FN:49,(anonymous_3)
FN:61,(anonymous_4)
FNF:5
FNH:5
FNDA:6,(anonymous_0)
FNDA:1,(anonymous_1)
FNDA:2,(anonymous_2)
FNDA:1,(anonymous_3)
FNDA:1,(anonymous_4)
DA:1,12
DA:2,12
DA:3,12
DA:5,12
DA:9,6
DA:10,6
DA:11,6
DA:15,6
DA:16,6
DA:17,6
DA:18,6
DA:19,6
DA:20,6
DA:21,6
DA:23,6
DA:25,0
DA:29,12
DA:30,1
DA:31,1
DA:33,1
DA:35,0
DA:39,12
DA:40,2
DA:41,2
DA:43,2
DA:45,0
DA:49,12
DA:50,1
DA:51,1
DA:53,1
DA:57,0
DA:61,12
DA:62,1
DA:63,1
DA:65,1
DA:67,1
DA:69,0
DA:73,12
LF:38
LH:33
BRDA:15,0,0,0
BRDA:15,0,1,6
BRDA:16,1,0,1
BRDA:16,1,1,5
BRDA:17,2,0,1
BRDA:17,2,1,5
BRDA:18,3,0,1
BRDA:18,3,1,5
BRDA:19,4,0,1
BRDA:19,4,1,5
BRDA:20,5,0,0
BRDA:20,5,1,6
BRDA:21,6,0,1
BRDA:21,6,1,5
BRF:14
BRH:12
end_of_record
TN:
SF:src\utils\authUtils.js
FN:16,(anonymous_0)
FN:28,(anonymous_1)
FN:32,(anonymous_2)
FNF:3
FNH:3
FNDA:16,(anonymous_0)
FNDA:18,(anonymous_1)
FNDA:19,(anonymous_2)
DA:1,13
DA:2,13
DA:4,13
DA:6,13
DA:8,13
DA:16,13
DA:17,16
DA:18,16
DA:22,16
DA:24,0
DA:28,13
DA:29,18
DA:32,13
DA:33,19
DA:34,19
DA:35,19
DA:38,13
LF:17
LH:16
BRF:0
BRH:0
end_of_record
TN:
SF:src\utils\customErrorUtils.js
FN:2,(anonymous_0)
FN:15,(anonymous_1)
FN:21,(anonymous_2)
FN:27,(anonymous_3)
FN:33,(anonymous_4)
FN:39,(anonymous_5)
FN:45,(anonymous_6)
FN:51,(anonymous_7)
FN:57,(anonymous_8)
FN:62,(anonymous_9)
FNF:10
FNH:3
FNDA:9,(anonymous_0)
FNDA:8,(anonymous_1)
FNDA:0,(anonymous_2)
FNDA:0,(anonymous_3)
FNDA:0,(anonymous_4)
FNDA:0,(anonymous_5)
FNDA:0,(anonymous_6)
FNDA:0,(anonymous_7)
FNDA:1,(anonymous_8)
FNDA:0,(anonymous_9)
DA:3,9
DA:4,9
DA:5,9
DA:6,9
DA:7,9
DA:8,9
DA:10,9
DA:16,8
DA:22,0
DA:28,0
DA:34,0
DA:40,0
DA:46,0
DA:52,0
DA:58,1
DA:62,14
DA:64,0
DA:65,0
DA:69,14
LF:19
LH:11
BRDA:7,0,0,9
BRDA:7,0,1,0
BRDA:15,1,0,0
BRDA:21,2,0,0
BRDA:27,3,0,0
BRDA:33,4,0,0
BRDA:39,5,0,0
BRDA:45,6,0,0
BRDA:45,7,0,0
BRDA:51,8,0,0
BRDA:51,9,0,0
BRDA:57,10,0,1
BRDA:57,11,0,1
BRDA:64,12,0,0
BRDA:64,12,1,0
BRF:15
BRH:3
end_of_record
TN:
SF:src\utils\loggerUtils.js
FNF:0
FNH:0
DA:1,13
DA:3,13
DA:10,13
DA:17,13
DA:24,13
DA:32,13
LF:6
LH:6
BRF:0
BRH:0
end_of_record
TN:
SF:src\utils\sanitizeUtils.js
FN:3,(anonymous_0)
FN:10,(anonymous_1)
FN:22,(anonymous_2)
FNF:3
FNH:3
FNDA:123,(anonymous_0)
FNDA:64,(anonymous_1)
FNDA:17,(anonymous_2)
DA:1,13
DA:3,13
DA:4,123
DA:5,1
DA:7,122
DA:10,13
DA:11,64
DA:12,64
DA:13,155
DA:14,123
DA:16,32
DA:19,63
DA:22,13
DA:23,17
DA:26,13
LF:15
LH:15
BRDA:4,0,0,1
BRDA:4,0,1,122
BRDA:13,1,0,123
BRDA:13,1,1,32
BRF:4
BRH:4
end_of_record
